{"C:\\Users\\juanw\\Documents\\codigo-secreto-party\\src\\App.jsx": {"path":"C:\\Users\\juanw\\Documents\\codigo-secreto-party\\src\\App.jsx","statementMap":{"0":{"start":{"line":7,"column":24},"end":{"line":25,"column":null}},"1":{"start":{"line":8,"column":2},"end":{"line":24,"column":null}},"2":{"start":{"line":9,"column":10},"end":{"line":9,"column":null}},"3":{"start":{"line":10,"column":21},"end":{"line":10,"column":null}},"4":{"start":{"line":11,"column":4},"end":{"line":21,"column":null}},"5":{"start":{"line":12,"column":20},"end":{"line":12,"column":null}},"6":{"start":{"line":13,"column":18},"end":{"line":13,"column":null}},"7":{"start":{"line":14,"column":22},"end":{"line":14,"column":null}},"8":{"start":{"line":16,"column":6},"end":{"line":20,"column":null}},"9":{"start":{"line":17,"column":8},"end":{"line":19,"column":null}},"10":{"start":{"line":18,"column":10},"end":{"line":18,"column":null}},"11":{"start":{"line":23,"column":4},"end":{"line":23,"column":null}},"12":{"start":{"line":28,"column":20},"end":{"line":59,"column":null}},"13":{"start":{"line":29,"column":17},"end":{"line":35,"column":null}},"14":{"start":{"line":37,"column":20},"end":{"line":37,"column":null}},"15":{"start":{"line":38,"column":19},"end":{"line":38,"column":null}},"16":{"start":{"line":40,"column":2},"end":{"line":43,"column":null}},"17":{"start":{"line":40,"column":28},"end":{"line":40,"column":null}},"18":{"start":{"line":40,"column":67},"end":{"line":43,"column":null}},"19":{"start":{"line":41,"column":39},"end":{"line":41,"column":null}},"20":{"start":{"line":41,"column":58},"end":{"line":43,"column":null}},"21":{"start":{"line":42,"column":39},"end":{"line":42,"column":null}},"22":{"start":{"line":42,"column":103},"end":{"line":43,"column":null}},"23":{"start":{"line":43,"column":40},"end":{"line":43,"column":null}},"24":{"start":{"line":45,"column":18},"end":{"line":45,"column":null}},"25":{"start":{"line":47,"column":25},"end":{"line":47,"column":null}},"26":{"start":{"line":48,"column":24},"end":{"line":48,"column":null}},"27":{"start":{"line":49,"column":25},"end":{"line":49,"column":null}},"28":{"start":{"line":50,"column":21},"end":{"line":50,"column":null}},"29":{"start":{"line":52,"column":2},"end":{"line":57,"column":null}},"30":{"start":{"line":62,"column":18},"end":{"line":66,"column":null}},"31":{"start":{"line":63,"column":16},"end":{"line":63,"column":null}},"32":{"start":{"line":64,"column":2},"end":{"line":64,"column":null}},"33":{"start":{"line":65,"column":2},"end":{"line":65,"column":null}},"34":{"start":{"line":65,"column":26},"end":{"line":65,"column":61}},"35":{"start":{"line":69,"column":21},"end":{"line":168,"column":null}},"36":{"start":{"line":70,"column":8},"end":{"line":70,"column":null}},"37":{"start":{"line":71,"column":30},"end":{"line":71,"column":null}},"38":{"start":{"line":72,"column":28},"end":{"line":72,"column":null}},"39":{"start":{"line":73,"column":34},"end":{"line":73,"column":null}},"40":{"start":{"line":74,"column":44},"end":{"line":74,"column":null}},"41":{"start":{"line":76,"column":2},"end":{"line":87,"column":null}},"42":{"start":{"line":77,"column":4},"end":{"line":77,"column":null}},"43":{"start":{"line":78,"column":4},"end":{"line":78,"column":null}},"44":{"start":{"line":78,"column":54},"end":{"line":78,"column":null}},"45":{"start":{"line":79,"column":4},"end":{"line":86,"column":null}},"46":{"start":{"line":80,"column":6},"end":{"line":80,"column":null}},"47":{"start":{"line":81,"column":6},"end":{"line":81,"column":null}},"48":{"start":{"line":82,"column":6},"end":{"line":85,"column":null}},"49":{"start":{"line":83,"column":20},"end":{"line":83,"column":null}},"50":{"start":{"line":84,"column":8},"end":{"line":84,"column":null}},"51":{"start":{"line":89,"column":2},"end":{"line":95,"column":null}},"52":{"start":{"line":91,"column":4},"end":{"line":93,"column":null}},"53":{"start":{"line":92,"column":6},"end":{"line":92,"column":null}},"54":{"start":{"line":92,"column":35},"end":{"line":92,"column":66}},"55":{"start":{"line":92,"column":55},"end":{"line":92,"column":63}},"56":{"start":{"line":93,"column":4},"end":{"line":93,"column":null}},"57":{"start":{"line":93,"column":42},"end":{"line":93,"column":null}},"58":{"start":{"line":94,"column":4},"end":{"line":94,"column":null}},"59":{"start":{"line":94,"column":17},"end":{"line":94,"column":null}},"60":{"start":{"line":97,"column":30},"end":{"line":109,"column":null}},"61":{"start":{"line":98,"column":4},"end":{"line":98,"column":null}},"62":{"start":{"line":99,"column":4},"end":{"line":99,"column":null}},"63":{"start":{"line":100,"column":4},"end":{"line":100,"column":null}},"64":{"start":{"line":101,"column":4},"end":{"line":108,"column":null}},"65":{"start":{"line":102,"column":21},"end":{"line":102,"column":null}},"66":{"start":{"line":103,"column":6},"end":{"line":107,"column":null}},"67":{"start":{"line":104,"column":20},"end":{"line":104,"column":null}},"68":{"start":{"line":105,"column":8},"end":{"line":105,"column":null}},"69":{"start":{"line":106,"column":8},"end":{"line":106,"column":null}},"70":{"start":{"line":111,"column":24},"end":{"line":115,"column":null}},"71":{"start":{"line":112,"column":4},"end":{"line":112,"column":null}},"72":{"start":{"line":113,"column":4},"end":{"line":113,"column":null}},"73":{"start":{"line":114,"column":4},"end":{"line":114,"column":null}},"74":{"start":{"line":117,"column":25},"end":{"line":121,"column":null}},"75":{"start":{"line":118,"column":4},"end":{"line":118,"column":null}},"76":{"start":{"line":118,"column":28},"end":{"line":118,"column":null}},"77":{"start":{"line":119,"column":20},"end":{"line":119,"column":null}},"78":{"start":{"line":120,"column":4},"end":{"line":120,"column":null}},"79":{"start":{"line":123,"column":17},"end":{"line":129,"column":null}},"80":{"start":{"line":124,"column":19},"end":{"line":124,"column":null}},"81":{"start":{"line":125,"column":17},"end":{"line":125,"column":null}},"82":{"start":{"line":126,"column":20},"end":{"line":126,"column":null}},"83":{"start":{"line":127,"column":20},"end":{"line":127,"column":null}},"84":{"start":{"line":128,"column":4},"end":{"line":128,"column":null}},"85":{"start":{"line":130,"column":20},"end":{"line":135,"column":null}},"86":{"start":{"line":131,"column":4},"end":{"line":131,"column":null}},"87":{"start":{"line":131,"column":18},"end":{"line":131,"column":null}},"88":{"start":{"line":132,"column":21},"end":{"line":132,"column":null}},"89":{"start":{"line":133,"column":16},"end":{"line":133,"column":null}},"90":{"start":{"line":134,"column":4},"end":{"line":134,"column":23}},"91":{"start":{"line":134,"column":23},"end":{"line":134,"column":46}},"92":{"start":{"line":134,"column":46},"end":{"line":134,"column":63}},"93":{"start":{"line":134,"column":63},"end":{"line":134,"column":null}},"94":{"start":{"line":136,"column":15},"end":{"line":141,"column":null}},"95":{"start":{"line":137,"column":4},"end":{"line":137,"column":null}},"96":{"start":{"line":137,"column":18},"end":{"line":137,"column":null}},"97":{"start":{"line":138,"column":21},"end":{"line":138,"column":null}},"98":{"start":{"line":139,"column":16},"end":{"line":139,"column":null}},"99":{"start":{"line":140,"column":4},"end":{"line":140,"column":22}},"100":{"start":{"line":140,"column":22},"end":{"line":140,"column":36}},"101":{"start":{"line":140,"column":36},"end":{"line":140,"column":null}},"102":{"start":{"line":143,"column":2},"end":{"line":143,"column":null}},"103":{"start":{"line":143,"column":15},"end":{"line":143,"column":null}},"104":{"start":{"line":145,"column":2},"end":{"line":166,"column":null}},"105":{"start":{"line":147,"column":117},"end":{"line":147,"column":null}},"106":{"start":{"line":171,"column":21},"end":{"line":185,"column":null}},"107":{"start":{"line":172,"column":30},"end":{"line":172,"column":null}},"108":{"start":{"line":173,"column":2},"end":{"line":182,"column":null}},"109":{"start":{"line":174,"column":4},"end":{"line":174,"column":null}},"110":{"start":{"line":174,"column":18},"end":{"line":174,"column":null}},"111":{"start":{"line":175,"column":21},"end":{"line":180,"column":null}},"112":{"start":{"line":176,"column":18},"end":{"line":176,"column":null}},"113":{"start":{"line":177,"column":22},"end":{"line":177,"column":null}},"114":{"start":{"line":178,"column":24},"end":{"line":178,"column":null}},"115":{"start":{"line":179,"column":6},"end":{"line":179,"column":null}},"116":{"start":{"line":181,"column":4},"end":{"line":181,"column":null}},"117":{"start":{"line":181,"column":17},"end":{"line":181,"column":null}},"118":{"start":{"line":183,"column":21},"end":{"line":183,"column":null}},"119":{"start":{"line":183,"column":34},"end":{"line":183,"column":null}},"120":{"start":{"line":184,"column":2},"end":{"line":184,"column":null}},"121":{"start":{"line":188,"column":18},"end":{"line":195,"column":null}},"122":{"start":{"line":189,"column":2},"end":{"line":195,"column":null}},"123":{"start":{"line":198,"column":19},"end":{"line":247,"column":null}},"124":{"start":{"line":199,"column":2},"end":{"line":247,"column":null}},"125":{"start":{"line":200,"column":154},"end":{"line":200,"column":null}},"126":{"start":{"line":251,"column":27},"end":{"line":254,"column":null}},"127":{"start":{"line":252,"column":18},"end":{"line":252,"column":null}},"128":{"start":{"line":253,"column":2},"end":{"line":253,"column":null}},"129":{"start":{"line":253,"column":191},"end":{"line":253,"column":211}},"130":{"start":{"line":255,"column":17},"end":{"line":263,"column":null}},"131":{"start":{"line":256,"column":17},"end":{"line":256,"column":null}},"132":{"start":{"line":257,"column":24},"end":{"line":257,"column":null}},"133":{"start":{"line":258,"column":2},"end":{"line":261,"column":null}},"134":{"start":{"line":259,"column":21},"end":{"line":259,"column":null}},"135":{"start":{"line":259,"column":41},"end":{"line":259,"column":102}},"136":{"start":{"line":260,"column":4},"end":{"line":260,"column":null}},"137":{"start":{"line":260,"column":17},"end":{"line":260,"column":null}},"138":{"start":{"line":262,"column":2},"end":{"line":262,"column":null}},"139":{"start":{"line":267,"column":22},"end":{"line":267,"column":null}},"140":{"start":{"line":268,"column":30},"end":{"line":268,"column":null}},"141":{"start":{"line":269,"column":30},"end":{"line":269,"column":null}},"142":{"start":{"line":272,"column":32},"end":{"line":272,"column":null}},"143":{"start":{"line":273,"column":34},"end":{"line":273,"column":null}},"144":{"start":{"line":274,"column":36},"end":{"line":274,"column":null}},"145":{"start":{"line":276,"column":26},"end":{"line":276,"column":null}},"146":{"start":{"line":277,"column":46},"end":{"line":277,"column":null}},"147":{"start":{"line":278,"column":48},"end":{"line":278,"column":null}},"148":{"start":{"line":279,"column":44},"end":{"line":279,"column":null}},"149":{"start":{"line":280,"column":34},"end":{"line":280,"column":null}},"150":{"start":{"line":281,"column":8},"end":{"line":281,"column":null}},"151":{"start":{"line":284,"column":18},"end":{"line":290,"column":null}},"152":{"start":{"line":285,"column":4},"end":{"line":290,"column":null}},"153":{"start":{"line":286,"column":24},"end":{"line":286,"column":45}},"154":{"start":{"line":286,"column":45},"end":{"line":286,"column":77}},"155":{"start":{"line":294,"column":2},"end":{"line":310,"column":null}},"156":{"start":{"line":295,"column":19},"end":{"line":295,"column":null}},"157":{"start":{"line":296,"column":28},"end":{"line":300,"column":null}},"158":{"start":{"line":297,"column":6},"end":{"line":299,"column":null}},"159":{"start":{"line":298,"column":8},"end":{"line":298,"column":null}},"160":{"start":{"line":298,"column":14},"end":{"line":298,"column":69}},"161":{"start":{"line":298,"column":85},"end":{"line":298,"column":103}},"162":{"start":{"line":301,"column":4},"end":{"line":301,"column":null}},"163":{"start":{"line":301,"column":48},"end":{"line":301,"column":null}},"164":{"start":{"line":302,"column":35},"end":{"line":304,"column":null}},"165":{"start":{"line":303,"column":6},"end":{"line":303,"column":null}},"166":{"start":{"line":303,"column":94},"end":{"line":303,"column":null}},"167":{"start":{"line":305,"column":4},"end":{"line":305,"column":null}},"168":{"start":{"line":306,"column":4},"end":{"line":309,"column":null}},"169":{"start":{"line":307,"column":6},"end":{"line":307,"column":null}},"170":{"start":{"line":308,"column":6},"end":{"line":308,"column":null}},"171":{"start":{"line":308,"column":20},"end":{"line":308,"column":null}},"172":{"start":{"line":313,"column":2},"end":{"line":317,"column":null}},"173":{"start":{"line":314,"column":19},"end":{"line":314,"column":null}},"174":{"start":{"line":315,"column":22},"end":{"line":315,"column":null}},"175":{"start":{"line":316,"column":4},"end":{"line":316,"column":null}},"176":{"start":{"line":316,"column":19},"end":{"line":316,"column":null}},"177":{"start":{"line":320,"column":2},"end":{"line":356,"column":null}},"178":{"start":{"line":321,"column":4},"end":{"line":355,"column":null}},"179":{"start":{"line":322,"column":12},"end":{"line":353,"column":null}},"180":{"start":{"line":323,"column":21},"end":{"line":323,"column":null}},"181":{"start":{"line":324,"column":8},"end":{"line":352,"column":null}},"182":{"start":{"line":325,"column":10},"end":{"line":325,"column":null}},"183":{"start":{"line":325,"column":42},"end":{"line":325,"column":56}},"184":{"start":{"line":325,"column":56},"end":{"line":325,"column":64}},"185":{"start":{"line":327,"column":10},"end":{"line":331,"column":null}},"186":{"start":{"line":328,"column":13},"end":{"line":328,"column":null}},"187":{"start":{"line":328,"column":44},"end":{"line":328,"column":null}},"188":{"start":{"line":329,"column":10},"end":{"line":331,"column":null}},"189":{"start":{"line":330,"column":13},"end":{"line":330,"column":null}},"190":{"start":{"line":333,"column":10},"end":{"line":333,"column":null}},"191":{"start":{"line":335,"column":23},"end":{"line":335,"column":null}},"192":{"start":{"line":336,"column":10},"end":{"line":346,"column":null}},"193":{"start":{"line":337,"column":14},"end":{"line":337,"column":null}},"194":{"start":{"line":339,"column":14},"end":{"line":341,"column":null}},"195":{"start":{"line":340,"column":18},"end":{"line":340,"column":null}},"196":{"start":{"line":343,"column":14},"end":{"line":345,"column":null}},"197":{"start":{"line":344,"column":18},"end":{"line":344,"column":null}},"198":{"start":{"line":348,"column":10},"end":{"line":351,"column":null}},"199":{"start":{"line":349,"column":14},"end":{"line":349,"column":null}},"200":{"start":{"line":350,"column":14},"end":{"line":350,"column":null}},"201":{"start":{"line":354,"column":6},"end":{"line":354,"column":null}},"202":{"start":{"line":354,"column":19},"end":{"line":354,"column":null}},"203":{"start":{"line":358,"column":2},"end":{"line":360,"column":null}},"204":{"start":{"line":359,"column":4},"end":{"line":359,"column":null}},"205":{"start":{"line":359,"column":24},"end":{"line":359,"column":null}},"206":{"start":{"line":363,"column":21},"end":{"line":366,"column":null}},"207":{"start":{"line":364,"column":4},"end":{"line":364,"column":21}},"208":{"start":{"line":364,"column":21},"end":{"line":364,"column":40}},"209":{"start":{"line":364,"column":40},"end":{"line":364,"column":null}},"210":{"start":{"line":365,"column":4},"end":{"line":365,"column":null}},"211":{"start":{"line":367,"column":20},"end":{"line":370,"column":null}},"212":{"start":{"line":368,"column":19},"end":{"line":368,"column":null}},"213":{"start":{"line":369,"column":4},"end":{"line":369,"column":null}},"214":{"start":{"line":371,"column":21},"end":{"line":374,"column":null}},"215":{"start":{"line":372,"column":4},"end":{"line":372,"column":null}},"216":{"start":{"line":372,"column":34},"end":{"line":372,"column":59}},"217":{"start":{"line":372,"column":59},"end":{"line":372,"column":67}},"218":{"start":{"line":373,"column":4},"end":{"line":373,"column":null}},"219":{"start":{"line":375,"column":25},"end":{"line":392,"column":null}},"220":{"start":{"line":376,"column":4},"end":{"line":376,"column":null}},"221":{"start":{"line":377,"column":18},"end":{"line":377,"column":null}},"222":{"start":{"line":378,"column":18},"end":{"line":378,"column":null}},"223":{"start":{"line":379,"column":4},"end":{"line":381,"column":null}},"224":{"start":{"line":379,"column":17},"end":{"line":379,"column":20}},"225":{"start":{"line":380,"column":6},"end":{"line":380,"column":null}},"226":{"start":{"line":382,"column":4},"end":{"line":382,"column":26}},"227":{"start":{"line":382,"column":26},"end":{"line":382,"column":null}},"228":{"start":{"line":383,"column":22},"end":{"line":383,"column":null}},"229":{"start":{"line":384,"column":29},"end":{"line":384,"column":null}},"230":{"start":{"line":385,"column":4},"end":{"line":390,"column":null}},"231":{"start":{"line":391,"column":4},"end":{"line":391,"column":null}},"232":{"start":{"line":393,"column":19},"end":{"line":396,"column":null}},"233":{"start":{"line":394,"column":4},"end":{"line":394,"column":null}},"234":{"start":{"line":394,"column":15},"end":{"line":394,"column":null}},"235":{"start":{"line":395,"column":22},"end":{"line":395,"column":42}},"236":{"start":{"line":395,"column":42},"end":{"line":395,"column":66}},"237":{"start":{"line":395,"column":66},"end":{"line":395,"column":88}},"238":{"start":{"line":395,"column":88},"end":{"line":395,"column":null}},"239":{"start":{"line":397,"column":19},"end":{"line":430,"column":null}},"240":{"start":{"line":398,"column":16},"end":{"line":398,"column":null}},"241":{"start":{"line":400,"column":4},"end":{"line":427,"column":null}},"242":{"start":{"line":401,"column":6},"end":{"line":401,"column":null}},"243":{"start":{"line":402,"column":6},"end":{"line":402,"column":null}},"244":{"start":{"line":404,"column":6},"end":{"line":426,"column":null}},"245":{"start":{"line":405,"column":25},"end":{"line":405,"column":null}},"246":{"start":{"line":406,"column":8},"end":{"line":406,"column":null}},"247":{"start":{"line":408,"column":8},"end":{"line":408,"column":null}},"248":{"start":{"line":409,"column":8},"end":{"line":409,"column":null}},"249":{"start":{"line":410,"column":8},"end":{"line":410,"column":null}},"250":{"start":{"line":412,"column":8},"end":{"line":412,"column":null}},"251":{"start":{"line":413,"column":8},"end":{"line":413,"column":null}},"252":{"start":{"line":414,"column":8},"end":{"line":414,"column":null}},"253":{"start":{"line":416,"column":27},"end":{"line":416,"column":null}},"254":{"start":{"line":417,"column":8},"end":{"line":417,"column":null}},"255":{"start":{"line":419,"column":8},"end":{"line":423,"column":null}},"256":{"start":{"line":420,"column":10},"end":{"line":420,"column":null}},"257":{"start":{"line":422,"column":10},"end":{"line":422,"column":null}},"258":{"start":{"line":425,"column":8},"end":{"line":425,"column":null}},"259":{"start":{"line":429,"column":4},"end":{"line":429,"column":null}},"260":{"start":{"line":429,"column":21},"end":{"line":429,"column":43}},"261":{"start":{"line":431,"column":17},"end":{"line":431,"column":null}},"262":{"start":{"line":431,"column":25},"end":{"line":431,"column":63}},"263":{"start":{"line":431,"column":49},"end":{"line":431,"column":63}},"264":{"start":{"line":432,"column":22},"end":{"line":436,"column":null}},"265":{"start":{"line":433,"column":4},"end":{"line":435,"column":null}},"266":{"start":{"line":434,"column":6},"end":{"line":434,"column":66}},"267":{"start":{"line":434,"column":66},"end":{"line":434,"column":null}},"268":{"start":{"line":437,"column":30},"end":{"line":437,"column":null}},"269":{"start":{"line":437,"column":40},"end":{"line":437,"column":null}},"270":{"start":{"line":439,"column":26},"end":{"line":447,"column":null}},"271":{"start":{"line":440,"column":4},"end":{"line":440,"column":null}},"272":{"start":{"line":440,"column":59},"end":{"line":440,"column":null}},"273":{"start":{"line":441,"column":4},"end":{"line":446,"column":null}},"274":{"start":{"line":442,"column":26},"end":{"line":442,"column":null}},"275":{"start":{"line":443,"column":6},"end":{"line":443,"column":null}},"276":{"start":{"line":445,"column":6},"end":{"line":445,"column":null}},"277":{"start":{"line":448,"column":31},"end":{"line":451,"column":null}},"278":{"start":{"line":449,"column":4},"end":{"line":449,"column":null}},"279":{"start":{"line":450,"column":4},"end":{"line":450,"column":null}},"280":{"start":{"line":452,"column":24},"end":{"line":499,"column":null}},"281":{"start":{"line":453,"column":4},"end":{"line":453,"column":null}},"282":{"start":{"line":453,"column":36},"end":{"line":453,"column":null}},"283":{"start":{"line":454,"column":18},"end":{"line":454,"column":null}},"284":{"start":{"line":455,"column":25},"end":{"line":455,"column":null}},"285":{"start":{"line":456,"column":17},"end":{"line":456,"column":null}},"286":{"start":{"line":458,"column":20},"end":{"line":458,"column":null}},"287":{"start":{"line":459,"column":20},"end":{"line":459,"column":null}},"288":{"start":{"line":461,"column":4},"end":{"line":477,"column":null}},"289":{"start":{"line":462,"column":8},"end":{"line":462,"column":null}},"290":{"start":{"line":463,"column":8},"end":{"line":463,"column":null}},"291":{"start":{"line":466,"column":8},"end":{"line":470,"column":null}},"292":{"start":{"line":467,"column":12},"end":{"line":467,"column":null}},"293":{"start":{"line":469,"column":12},"end":{"line":469,"column":null}},"294":{"start":{"line":472,"column":26},"end":{"line":472,"column":null}},"295":{"start":{"line":472,"column":53},"end":{"line":472,"column":95}},"296":{"start":{"line":473,"column":24},"end":{"line":473,"column":null}},"297":{"start":{"line":473,"column":46},"end":{"line":473,"column":77}},"298":{"start":{"line":474,"column":25},"end":{"line":474,"column":null}},"299":{"start":{"line":474,"column":47},"end":{"line":474,"column":79}},"300":{"start":{"line":475,"column":8},"end":{"line":475,"column":null}},"301":{"start":{"line":475,"column":27},"end":{"line":475,"column":null}},"302":{"start":{"line":476,"column":8},"end":{"line":476,"column":null}},"303":{"start":{"line":476,"column":28},"end":{"line":476,"column":null}},"304":{"start":{"line":479,"column":20},"end":{"line":479,"column":null}},"305":{"start":{"line":480,"column":4},"end":{"line":480,"column":null}},"306":{"start":{"line":481,"column":4},"end":{"line":481,"column":null}},"307":{"start":{"line":484,"column":4},"end":{"line":484,"column":null}},"308":{"start":{"line":486,"column":4},"end":{"line":496,"column":null}},"309":{"start":{"line":487,"column":8},"end":{"line":487,"column":null}},"310":{"start":{"line":489,"column":8},"end":{"line":489,"column":null}},"311":{"start":{"line":490,"column":4},"end":{"line":496,"column":null}},"312":{"start":{"line":491,"column":23},"end":{"line":491,"column":null}},"313":{"start":{"line":492,"column":6},"end":{"line":492,"column":null}},"314":{"start":{"line":493,"column":6},"end":{"line":494,"column":null}},"315":{"start":{"line":493,"column":36},"end":{"line":493,"column":null}},"316":{"start":{"line":494,"column":11},"end":{"line":494,"column":null}},"317":{"start":{"line":495,"column":6},"end":{"line":495,"column":null}},"318":{"start":{"line":495,"column":35},"end":{"line":495,"column":null}},"319":{"start":{"line":497,"column":4},"end":{"line":497,"column":null}},"320":{"start":{"line":498,"column":4},"end":{"line":498,"column":null}},"321":{"start":{"line":500,"column":19},"end":{"line":507,"column":null}},"322":{"start":{"line":501,"column":21},"end":{"line":501,"column":null}},"323":{"start":{"line":502,"column":20},"end":{"line":502,"column":null}},"324":{"start":{"line":503,"column":4},"end":{"line":504,"column":null}},"325":{"start":{"line":503,"column":34},"end":{"line":503,"column":null}},"326":{"start":{"line":504,"column":9},"end":{"line":504,"column":null}},"327":{"start":{"line":505,"column":4},"end":{"line":505,"column":null}},"328":{"start":{"line":505,"column":33},"end":{"line":505,"column":null}},"329":{"start":{"line":506,"column":4},"end":{"line":506,"column":null}},"330":{"start":{"line":508,"column":18},"end":{"line":517,"column":null}},"331":{"start":{"line":509,"column":22},"end":{"line":509,"column":null}},"332":{"start":{"line":510,"column":29},"end":{"line":510,"column":null}},"333":{"start":{"line":511,"column":4},"end":{"line":515,"column":null}},"334":{"start":{"line":516,"column":4},"end":{"line":516,"column":null}},"335":{"start":{"line":516,"column":23},"end":{"line":516,"column":83}},"336":{"start":{"line":520,"column":2},"end":{"line":534,"column":null}},"337":{"start":{"line":521,"column":29},"end":{"line":521,"column":null}},"338":{"start":{"line":521,"column":51},"end":{"line":521,"column":74}},"339":{"start":{"line":521,"column":74},"end":{"line":521,"column":84}},"340":{"start":{"line":521,"column":84},"end":{"line":521,"column":108}},"341":{"start":{"line":522,"column":4},"end":{"line":532,"column":null}},"342":{"start":{"line":526,"column":43},"end":{"line":526,"column":266}},"343":{"start":{"line":526,"column":130},"end":{"line":526,"column":167}},"344":{"start":{"line":529,"column":33},"end":{"line":529,"column":50}},"345":{"start":{"line":530,"column":33},"end":{"line":530,"column":67}},"346":{"start":{"line":530,"column":106},"end":{"line":530,"column":125}},"347":{"start":{"line":536,"column":2},"end":{"line":579,"column":null}},"348":{"start":{"line":537,"column":4},"end":{"line":577,"column":null}},"349":{"start":{"line":540,"column":49},"end":{"line":540,"column":70}},"350":{"start":{"line":542,"column":97},"end":{"line":542,"column":118}},"351":{"start":{"line":553,"column":143},"end":{"line":553,"column":196}},"352":{"start":{"line":558,"column":144},"end":{"line":558,"column":198}},"353":{"start":{"line":563,"column":144},"end":{"line":563,"column":198}},"354":{"start":{"line":568,"column":151},"end":{"line":568,"column":212}},"355":{"start":{"line":573,"column":263},"end":{"line":573,"column":317}},"356":{"start":{"line":574,"column":35},"end":{"line":574,"column":55}},"357":{"start":{"line":581,"column":2},"end":{"line":581,"column":null}},"358":{"start":{"line":581,"column":31},"end":{"line":581,"column":null}},"359":{"start":{"line":582,"column":2},"end":{"line":582,"column":null}},"360":{"start":{"line":582,"column":33},"end":{"line":582,"column":null}},"361":{"start":{"line":582,"column":308},"end":{"line":582,"column":338}},"362":{"start":{"line":582,"column":590},"end":{"line":582,"column":622}},"363":{"start":{"line":583,"column":2},"end":{"line":583,"column":null}},"364":{"start":{"line":583,"column":17},"end":{"line":583,"column":null}},"365":{"start":{"line":585,"column":18},"end":{"line":585,"column":null}},"366":{"start":{"line":585,"column":45},"end":{"line":585,"column":76}},"367":{"start":{"line":586,"column":19},"end":{"line":586,"column":null}},"368":{"start":{"line":586,"column":46},"end":{"line":586,"column":78}},"369":{"start":{"line":587,"column":20},"end":{"line":587,"column":null}},"370":{"start":{"line":588,"column":18},"end":{"line":588,"column":null}},"371":{"start":{"line":589,"column":20},"end":{"line":589,"column":null}},"372":{"start":{"line":591,"column":21},"end":{"line":591,"column":null}},"373":{"start":{"line":592,"column":28},"end":{"line":592,"column":null}},"374":{"start":{"line":593,"column":2},"end":{"line":598,"column":null}},"375":{"start":{"line":594,"column":4},"end":{"line":597,"column":null}},"376":{"start":{"line":595,"column":6},"end":{"line":596,"column":null}},"377":{"start":{"line":595,"column":28},"end":{"line":595,"column":null}},"378":{"start":{"line":596,"column":11},"end":{"line":596,"column":null}},"379":{"start":{"line":597,"column":11},"end":{"line":597,"column":null}},"380":{"start":{"line":600,"column":29},"end":{"line":600,"column":null}},"381":{"start":{"line":602,"column":2},"end":{"line":659,"column":null}},"382":{"start":{"line":604,"column":47},"end":{"line":604,"column":68}},"383":{"start":{"line":605,"column":56},"end":{"line":605,"column":79}},"384":{"start":{"line":609,"column":153},"end":{"line":609,"column":173}},"385":{"start":{"line":615,"column":76},"end":{"line":615,"column":98}},"386":{"start":{"line":632,"column":12},"end":{"line":632,"column":null}},"387":{"start":{"line":632,"column":155},"end":{"line":632,"column":205}}},"fnMap":{"0":{"name":"(anonymous_0)","decl":{"start":{"line":7,"column":24},"end":{"line":7,"column":36}},"loc":{"start":{"line":7,"column":36},"end":{"line":25,"column":null}},"line":7},"1":{"name":"(anonymous_1)","decl":{"start":{"line":28,"column":20},"end":{"line":28,"column":21}},"loc":{"start":{"line":28,"column":77},"end":{"line":59,"column":null}},"line":28},"2":{"name":"(anonymous_2)","decl":{"start":{"line":62,"column":18},"end":{"line":62,"column":19}},"loc":{"start":{"line":62,"column":28},"end":{"line":66,"column":null}},"line":62},"3":{"name":"(anonymous_3)","decl":{"start":{"line":65,"column":21},"end":{"line":65,"column":26}},"loc":{"start":{"line":65,"column":26},"end":{"line":65,"column":61}},"line":65},"4":{"name":"(anonymous_4)","decl":{"start":{"line":69,"column":21},"end":{"line":69,"column":22}},"loc":{"start":{"line":69,"column":82},"end":{"line":168,"column":null}},"line":69},"5":{"name":"(anonymous_5)","decl":{"start":{"line":76,"column":12},"end":{"line":76,"column":18}},"loc":{"start":{"line":76,"column":18},"end":{"line":87,"column":5}},"line":76},"6":{"name":"(anonymous_6)","decl":{"start":{"line":89,"column":12},"end":{"line":89,"column":18}},"loc":{"start":{"line":89,"column":18},"end":{"line":95,"column":5}},"line":89},"7":{"name":"(anonymous_7)","decl":{"start":{"line":92,"column":29},"end":{"line":92,"column":35}},"loc":{"start":{"line":92,"column":35},"end":{"line":92,"column":66}},"line":92},"8":{"name":"(anonymous_8)","decl":{"start":{"line":92,"column":47},"end":{"line":92,"column":55}},"loc":{"start":{"line":92,"column":55},"end":{"line":92,"column":63}},"line":92},"9":{"name":"(anonymous_9)","decl":{"start":{"line":94,"column":11},"end":{"line":94,"column":17}},"loc":{"start":{"line":94,"column":17},"end":{"line":94,"column":null}},"line":94},"10":{"name":"(anonymous_10)","decl":{"start":{"line":97,"column":30},"end":{"line":97,"column":36}},"loc":{"start":{"line":97,"column":36},"end":{"line":109,"column":null}},"line":97},"11":{"name":"(anonymous_11)","decl":{"start":{"line":101,"column":15},"end":{"line":101,"column":21}},"loc":{"start":{"line":101,"column":21},"end":{"line":108,"column":7}},"line":101},"12":{"name":"(anonymous_12)","decl":{"start":{"line":111,"column":24},"end":{"line":111,"column":30}},"loc":{"start":{"line":111,"column":30},"end":{"line":115,"column":null}},"line":111},"13":{"name":"(anonymous_13)","decl":{"start":{"line":117,"column":25},"end":{"line":117,"column":31}},"loc":{"start":{"line":117,"column":31},"end":{"line":121,"column":null}},"line":117},"14":{"name":"(anonymous_14)","decl":{"start":{"line":123,"column":17},"end":{"line":123,"column":18}},"loc":{"start":{"line":123,"column":24},"end":{"line":129,"column":null}},"line":123},"15":{"name":"(anonymous_15)","decl":{"start":{"line":130,"column":20},"end":{"line":130,"column":21}},"loc":{"start":{"line":130,"column":27},"end":{"line":135,"column":null}},"line":130},"16":{"name":"(anonymous_16)","decl":{"start":{"line":136,"column":15},"end":{"line":136,"column":16}},"loc":{"start":{"line":136,"column":22},"end":{"line":141,"column":null}},"line":136},"17":{"name":"(anonymous_17)","decl":{"start":{"line":147,"column":112},"end":{"line":147,"column":117}},"loc":{"start":{"line":147,"column":117},"end":{"line":147,"column":null}},"line":147},"18":{"name":"(anonymous_18)","decl":{"start":{"line":171,"column":21},"end":{"line":171,"column":22}},"loc":{"start":{"line":171,"column":68},"end":{"line":185,"column":null}},"line":171},"19":{"name":"(anonymous_19)","decl":{"start":{"line":173,"column":12},"end":{"line":173,"column":18}},"loc":{"start":{"line":173,"column":18},"end":{"line":182,"column":5}},"line":173},"20":{"name":"(anonymous_20)","decl":{"start":{"line":175,"column":33},"end":{"line":175,"column":39}},"loc":{"start":{"line":175,"column":39},"end":{"line":180,"column":7}},"line":175},"21":{"name":"(anonymous_21)","decl":{"start":{"line":181,"column":11},"end":{"line":181,"column":17}},"loc":{"start":{"line":181,"column":17},"end":{"line":181,"column":null}},"line":181},"22":{"name":"(anonymous_22)","decl":{"start":{"line":183,"column":21},"end":{"line":183,"column":22}},"loc":{"start":{"line":183,"column":34},"end":{"line":183,"column":null}},"line":183},"23":{"name":"(anonymous_23)","decl":{"start":{"line":188,"column":18},"end":{"line":188,"column":19}},"loc":{"start":{"line":189,"column":2},"end":{"line":195,"column":null}},"line":189},"24":{"name":"(anonymous_24)","decl":{"start":{"line":198,"column":19},"end":{"line":198,"column":20}},"loc":{"start":{"line":199,"column":2},"end":{"line":247,"column":null}},"line":199},"25":{"name":"(anonymous_25)","decl":{"start":{"line":200,"column":149},"end":{"line":200,"column":154}},"loc":{"start":{"line":200,"column":154},"end":{"line":200,"column":null}},"line":200},"26":{"name":"(anonymous_26)","decl":{"start":{"line":251,"column":27},"end":{"line":251,"column":33}},"loc":{"start":{"line":251,"column":33},"end":{"line":254,"column":null}},"line":251},"27":{"name":"(anonymous_27)","decl":{"start":{"line":253,"column":181},"end":{"line":253,"column":182}},"loc":{"start":{"line":253,"column":191},"end":{"line":253,"column":211}},"line":253},"28":{"name":"(anonymous_28)","decl":{"start":{"line":255,"column":17},"end":{"line":255,"column":23}},"loc":{"start":{"line":255,"column":23},"end":{"line":263,"column":null}},"line":255},"29":{"name":"(anonymous_29)","decl":{"start":{"line":258,"column":12},"end":{"line":258,"column":18}},"loc":{"start":{"line":258,"column":18},"end":{"line":261,"column":5}},"line":258},"30":{"name":"(anonymous_30)","decl":{"start":{"line":259,"column":33},"end":{"line":259,"column":39}},"loc":{"start":{"line":259,"column":39},"end":{"line":259,"column":105}},"line":259},"31":{"name":"(anonymous_31)","decl":{"start":{"line":260,"column":11},"end":{"line":260,"column":17}},"loc":{"start":{"line":260,"column":17},"end":{"line":260,"column":null}},"line":260},"32":{"name":"App","decl":{"start":{"line":266,"column":24},"end":{"line":266,"column":30}},"loc":{"start":{"line":266,"column":30},"end":{"line":661,"column":null}},"line":266},"33":{"name":"(anonymous_33)","decl":{"start":{"line":284,"column":18},"end":{"line":284,"column":19}},"loc":{"start":{"line":285,"column":4},"end":{"line":290,"column":null}},"line":285},"34":{"name":"(anonymous_34)","decl":{"start":{"line":286,"column":15},"end":{"line":286,"column":16}},"loc":{"start":{"line":286,"column":22},"end":{"line":286,"column":null}},"line":286},"35":{"name":"(anonymous_35)","decl":{"start":{"line":294,"column":12},"end":{"line":294,"column":18}},"loc":{"start":{"line":294,"column":18},"end":{"line":310,"column":5}},"line":294},"36":{"name":"(anonymous_36)","decl":{"start":{"line":296,"column":28},"end":{"line":296,"column":40}},"loc":{"start":{"line":296,"column":40},"end":{"line":300,"column":null}},"line":296},"37":{"name":"(anonymous_37)","decl":{"start":{"line":302,"column":35},"end":{"line":302,"column":41}},"loc":{"start":{"line":302,"column":41},"end":{"line":304,"column":null}},"line":302},"38":{"name":"(anonymous_38)","decl":{"start":{"line":306,"column":11},"end":{"line":306,"column":17}},"loc":{"start":{"line":306,"column":17},"end":{"line":309,"column":null}},"line":306},"39":{"name":"(anonymous_39)","decl":{"start":{"line":313,"column":12},"end":{"line":313,"column":18}},"loc":{"start":{"line":313,"column":18},"end":{"line":317,"column":5}},"line":313},"40":{"name":"(anonymous_40)","decl":{"start":{"line":320,"column":12},"end":{"line":320,"column":18}},"loc":{"start":{"line":320,"column":18},"end":{"line":356,"column":5}},"line":320},"41":{"name":"(anonymous_41)","decl":{"start":{"line":322,"column":64},"end":{"line":322,"column":65}},"loc":{"start":{"line":322,"column":78},"end":{"line":353,"column":7}},"line":322},"42":{"name":"(anonymous_42)","decl":{"start":{"line":354,"column":13},"end":{"line":354,"column":19}},"loc":{"start":{"line":354,"column":19},"end":{"line":354,"column":null}},"line":354},"43":{"name":"(anonymous_43)","decl":{"start":{"line":358,"column":12},"end":{"line":358,"column":18}},"loc":{"start":{"line":358,"column":18},"end":{"line":360,"column":5}},"line":358},"44":{"name":"(anonymous_44)","decl":{"start":{"line":363,"column":21},"end":{"line":363,"column":27}},"loc":{"start":{"line":363,"column":27},"end":{"line":366,"column":null}},"line":363},"45":{"name":"(anonymous_45)","decl":{"start":{"line":367,"column":20},"end":{"line":367,"column":21}},"loc":{"start":{"line":367,"column":30},"end":{"line":370,"column":null}},"line":367},"46":{"name":"(anonymous_46)","decl":{"start":{"line":371,"column":21},"end":{"line":371,"column":27}},"loc":{"start":{"line":371,"column":27},"end":{"line":374,"column":null}},"line":371},"47":{"name":"(anonymous_47)","decl":{"start":{"line":375,"column":25},"end":{"line":375,"column":26}},"loc":{"start":{"line":375,"column":42},"end":{"line":392,"column":null}},"line":375},"48":{"name":"(anonymous_48)","decl":{"start":{"line":393,"column":19},"end":{"line":393,"column":20}},"loc":{"start":{"line":393,"column":29},"end":{"line":396,"column":null}},"line":393},"49":{"name":"(anonymous_49)","decl":{"start":{"line":397,"column":19},"end":{"line":397,"column":31}},"loc":{"start":{"line":397,"column":31},"end":{"line":430,"column":null}},"line":397},"50":{"name":"(anonymous_50)","decl":{"start":{"line":429,"column":15},"end":{"line":429,"column":21}},"loc":{"start":{"line":429,"column":21},"end":{"line":429,"column":43}},"line":429},"51":{"name":"(anonymous_51)","decl":{"start":{"line":431,"column":17},"end":{"line":431,"column":23}},"loc":{"start":{"line":431,"column":23},"end":{"line":431,"column":null}},"line":431},"52":{"name":"(anonymous_52)","decl":{"start":{"line":432,"column":22},"end":{"line":432,"column":28}},"loc":{"start":{"line":432,"column":28},"end":{"line":436,"column":null}},"line":432},"53":{"name":"(anonymous_53)","decl":{"start":{"line":437,"column":30},"end":{"line":437,"column":31}},"loc":{"start":{"line":437,"column":40},"end":{"line":437,"column":null}},"line":437},"54":{"name":"(anonymous_54)","decl":{"start":{"line":439,"column":26},"end":{"line":439,"column":27}},"loc":{"start":{"line":439,"column":37},"end":{"line":447,"column":null}},"line":439},"55":{"name":"(anonymous_55)","decl":{"start":{"line":448,"column":31},"end":{"line":448,"column":37}},"loc":{"start":{"line":448,"column":37},"end":{"line":451,"column":null}},"line":448},"56":{"name":"(anonymous_56)","decl":{"start":{"line":452,"column":24},"end":{"line":452,"column":30}},"loc":{"start":{"line":452,"column":30},"end":{"line":499,"column":null}},"line":452},"57":{"name":"(anonymous_57)","decl":{"start":{"line":472,"column":43},"end":{"line":472,"column":44}},"loc":{"start":{"line":472,"column":53},"end":{"line":472,"column":95}},"line":472},"58":{"name":"(anonymous_58)","decl":{"start":{"line":473,"column":41},"end":{"line":473,"column":46}},"loc":{"start":{"line":473,"column":46},"end":{"line":473,"column":77}},"line":473},"59":{"name":"(anonymous_59)","decl":{"start":{"line":474,"column":42},"end":{"line":474,"column":47}},"loc":{"start":{"line":474,"column":47},"end":{"line":474,"column":79}},"line":474},"60":{"name":"(anonymous_60)","decl":{"start":{"line":500,"column":19},"end":{"line":500,"column":25}},"loc":{"start":{"line":500,"column":25},"end":{"line":507,"column":null}},"line":500},"61":{"name":"(anonymous_61)","decl":{"start":{"line":508,"column":18},"end":{"line":508,"column":24}},"loc":{"start":{"line":508,"column":24},"end":{"line":517,"column":null}},"line":508},"62":{"name":"(anonymous_62)","decl":{"start":{"line":516,"column":15},"end":{"line":516,"column":21}},"loc":{"start":{"line":516,"column":21},"end":{"line":516,"column":86}},"line":516},"63":{"name":"(anonymous_63)","decl":{"start":{"line":521,"column":29},"end":{"line":521,"column":30}},"loc":{"start":{"line":521,"column":39},"end":{"line":521,"column":null}},"line":521},"64":{"name":"(anonymous_64)","decl":{"start":{"line":526,"column":32},"end":{"line":526,"column":33}},"loc":{"start":{"line":526,"column":43},"end":{"line":526,"column":266}},"line":526},"65":{"name":"(anonymous_65)","decl":{"start":{"line":526,"column":123},"end":{"line":526,"column":124}},"loc":{"start":{"line":526,"column":130},"end":{"line":526,"column":167}},"line":526},"66":{"name":"(anonymous_66)","decl":{"start":{"line":529,"column":27},"end":{"line":529,"column":33}},"loc":{"start":{"line":529,"column":33},"end":{"line":529,"column":50}},"line":529},"67":{"name":"(anonymous_67)","decl":{"start":{"line":530,"column":27},"end":{"line":530,"column":33}},"loc":{"start":{"line":530,"column":33},"end":{"line":530,"column":67}},"line":530},"68":{"name":"(anonymous_68)","decl":{"start":{"line":530,"column":101},"end":{"line":530,"column":106}},"loc":{"start":{"line":530,"column":106},"end":{"line":530,"column":125}},"line":530},"69":{"name":"(anonymous_69)","decl":{"start":{"line":540,"column":43},"end":{"line":540,"column":49}},"loc":{"start":{"line":540,"column":49},"end":{"line":540,"column":70}},"line":540},"70":{"name":"(anonymous_70)","decl":{"start":{"line":542,"column":91},"end":{"line":542,"column":97}},"loc":{"start":{"line":542,"column":97},"end":{"line":542,"column":118}},"line":542},"71":{"name":"(anonymous_71)","decl":{"start":{"line":553,"column":136},"end":{"line":553,"column":137}},"loc":{"start":{"line":553,"column":143},"end":{"line":553,"column":196}},"line":553},"72":{"name":"(anonymous_72)","decl":{"start":{"line":558,"column":137},"end":{"line":558,"column":138}},"loc":{"start":{"line":558,"column":144},"end":{"line":558,"column":198}},"line":558},"73":{"name":"(anonymous_73)","decl":{"start":{"line":563,"column":137},"end":{"line":563,"column":138}},"loc":{"start":{"line":563,"column":144},"end":{"line":563,"column":198}},"line":563},"74":{"name":"(anonymous_74)","decl":{"start":{"line":568,"column":144},"end":{"line":568,"column":145}},"loc":{"start":{"line":568,"column":151},"end":{"line":568,"column":212}},"line":568},"75":{"name":"(anonymous_75)","decl":{"start":{"line":573,"column":257},"end":{"line":573,"column":263}},"loc":{"start":{"line":573,"column":263},"end":{"line":573,"column":317}},"line":573},"76":{"name":"(anonymous_76)","decl":{"start":{"line":574,"column":29},"end":{"line":574,"column":35}},"loc":{"start":{"line":574,"column":35},"end":{"line":574,"column":55}},"line":574},"77":{"name":"(anonymous_77)","decl":{"start":{"line":582,"column":302},"end":{"line":582,"column":308}},"loc":{"start":{"line":582,"column":308},"end":{"line":582,"column":338}},"line":582},"78":{"name":"(anonymous_78)","decl":{"start":{"line":582,"column":584},"end":{"line":582,"column":590}},"loc":{"start":{"line":582,"column":590},"end":{"line":582,"column":622}},"line":582},"79":{"name":"(anonymous_79)","decl":{"start":{"line":585,"column":40},"end":{"line":585,"column":45}},"loc":{"start":{"line":585,"column":45},"end":{"line":585,"column":76}},"line":585},"80":{"name":"(anonymous_80)","decl":{"start":{"line":586,"column":41},"end":{"line":586,"column":46}},"loc":{"start":{"line":586,"column":46},"end":{"line":586,"column":78}},"line":586},"81":{"name":"(anonymous_81)","decl":{"start":{"line":604,"column":41},"end":{"line":604,"column":47}},"loc":{"start":{"line":604,"column":47},"end":{"line":604,"column":68}},"line":604},"82":{"name":"(anonymous_82)","decl":{"start":{"line":605,"column":50},"end":{"line":605,"column":56}},"loc":{"start":{"line":605,"column":56},"end":{"line":605,"column":79}},"line":605},"83":{"name":"(anonymous_83)","decl":{"start":{"line":609,"column":147},"end":{"line":609,"column":153}},"loc":{"start":{"line":609,"column":153},"end":{"line":609,"column":173}},"line":609},"84":{"name":"(anonymous_84)","decl":{"start":{"line":615,"column":70},"end":{"line":615,"column":76}},"loc":{"start":{"line":615,"column":76},"end":{"line":615,"column":98}},"line":615},"85":{"name":"(anonymous_85)","decl":{"start":{"line":631,"column":30},"end":{"line":631,"column":31}},"loc":{"start":{"line":632,"column":12},"end":{"line":632,"column":null}},"line":632},"86":{"name":"(anonymous_86)","decl":{"start":{"line":632,"column":149},"end":{"line":632,"column":155}},"loc":{"start":{"line":632,"column":155},"end":{"line":632,"column":205}},"line":632}},"branchMap":{"0":{"loc":{"start":{"line":11,"column":4},"end":{"line":21,"column":null}},"type":"if","locations":[{"start":{"line":11,"column":4},"end":{"line":21,"column":null}},{"start":{},"end":{}}],"line":11},"1":{"loc":{"start":{"line":17,"column":8},"end":{"line":19,"column":null}},"type":"if","locations":[{"start":{"line":17,"column":8},"end":{"line":19,"column":null}},{"start":{},"end":{}}],"line":17},"2":{"loc":{"start":{"line":17,"column":12},"end":{"line":17,"column":72}},"type":"binary-expr","locations":[{"start":{"line":17,"column":12},"end":{"line":17,"column":35}},{"start":{"line":17,"column":35},"end":{"line":17,"column":72}}],"line":17},"3":{"loc":{"start":{"line":40,"column":2},"end":{"line":43,"column":null}},"type":"if","locations":[{"start":{"line":40,"column":2},"end":{"line":43,"column":null}},{"start":{"line":40,"column":67},"end":{"line":43,"column":null}}],"line":40},"4":{"loc":{"start":{"line":40,"column":42},"end":{"line":40,"column":null}},"type":"cond-expr","locations":[{"start":{"line":40,"column":55},"end":{"line":40,"column":67}},{"start":{"line":40,"column":67},"end":{"line":40,"column":null}}],"line":40},"5":{"loc":{"start":{"line":40,"column":67},"end":{"line":43,"column":null}},"type":"if","locations":[{"start":{"line":40,"column":67},"end":{"line":43,"column":null}},{"start":{"line":41,"column":58},"end":{"line":43,"column":null}}],"line":40},"6":{"loc":{"start":{"line":41,"column":58},"end":{"line":43,"column":null}},"type":"if","locations":[{"start":{"line":41,"column":58},"end":{"line":43,"column":null}},{"start":{"line":42,"column":103},"end":{"line":43,"column":null}}],"line":41},"7":{"loc":{"start":{"line":42,"column":54},"end":{"line":42,"column":null}},"type":"cond-expr","locations":[{"start":{"line":42,"column":91},"end":{"line":42,"column":103}},{"start":{"line":42,"column":103},"end":{"line":42,"column":null}}],"line":42},"8":{"loc":{"start":{"line":42,"column":54},"end":{"line":42,"column":91}},"type":"binary-expr","locations":[{"start":{"line":42,"column":54},"end":{"line":42,"column":68}},{"start":{"line":42,"column":68},"end":{"line":42,"column":91}}],"line":42},"9":{"loc":{"start":{"line":42,"column":103},"end":{"line":43,"column":null}},"type":"if","locations":[{"start":{"line":42,"column":103},"end":{"line":43,"column":null}},{"start":{},"end":{}}],"line":42},"10":{"loc":{"start":{"line":43,"column":55},"end":{"line":43,"column":null}},"type":"cond-expr","locations":[{"start":{"line":43,"column":93},"end":{"line":43,"column":105}},{"start":{"line":43,"column":105},"end":{"line":43,"column":null}}],"line":43},"11":{"loc":{"start":{"line":43,"column":55},"end":{"line":43,"column":93}},"type":"binary-expr","locations":[{"start":{"line":43,"column":55},"end":{"line":43,"column":69}},{"start":{"line":43,"column":69},"end":{"line":43,"column":93}}],"line":43},"12":{"loc":{"start":{"line":47,"column":25},"end":{"line":47,"column":null}},"type":"cond-expr","locations":[{"start":{"line":47,"column":38},"end":{"line":47,"column":80}},{"start":{"line":47,"column":80},"end":{"line":47,"column":null}}],"line":47},"13":{"loc":{"start":{"line":48,"column":24},"end":{"line":48,"column":null}},"type":"cond-expr","locations":[{"start":{"line":48,"column":37},"end":{"line":48,"column":111}},{"start":{"line":48,"column":111},"end":{"line":48,"column":null}}],"line":48},"14":{"loc":{"start":{"line":49,"column":25},"end":{"line":49,"column":null}},"type":"cond-expr","locations":[{"start":{"line":49,"column":54},"end":{"line":49,"column":107}},{"start":{"line":49,"column":107},"end":{"line":49,"column":null}}],"line":49},"15":{"loc":{"start":{"line":49,"column":25},"end":{"line":49,"column":54}},"type":"binary-expr","locations":[{"start":{"line":49,"column":25},"end":{"line":49,"column":39}},{"start":{"line":49,"column":39},"end":{"line":49,"column":54}}],"line":49},"16":{"loc":{"start":{"line":50,"column":21},"end":{"line":50,"column":null}},"type":"binary-expr","locations":[{"start":{"line":50,"column":21},"end":{"line":50,"column":44}},{"start":{"line":50,"column":44},"end":{"line":50,"column":null}}],"line":50},"17":{"loc":{"start":{"line":55,"column":7},"end":{"line":55,"column":null}},"type":"binary-expr","locations":[{"start":{"line":55,"column":7},"end":{"line":55,"column":21}},{"start":{"line":55,"column":21},"end":{"line":55,"column":null}}],"line":55},"18":{"loc":{"start":{"line":56,"column":8},"end":{"line":56,"column":null}},"type":"binary-expr","locations":[{"start":{"line":56,"column":8},"end":{"line":56,"column":22}},{"start":{"line":56,"column":22},"end":{"line":56,"column":38}},{"start":{"line":56,"column":38},"end":{"line":56,"column":null}}],"line":56},"19":{"loc":{"start":{"line":78,"column":4},"end":{"line":78,"column":null}},"type":"if","locations":[{"start":{"line":78,"column":4},"end":{"line":78,"column":null}},{"start":{},"end":{}}],"line":78},"20":{"loc":{"start":{"line":78,"column":8},"end":{"line":78,"column":54}},"type":"binary-expr","locations":[{"start":{"line":78,"column":8},"end":{"line":78,"column":25}},{"start":{"line":78,"column":25},"end":{"line":78,"column":37}},{"start":{"line":78,"column":37},"end":{"line":78,"column":54}}],"line":78},"21":{"loc":{"start":{"line":79,"column":4},"end":{"line":86,"column":null}},"type":"if","locations":[{"start":{"line":79,"column":4},"end":{"line":86,"column":null}},{"start":{},"end":{}}],"line":79},"22":{"loc":{"start":{"line":82,"column":6},"end":{"line":85,"column":null}},"type":"if","locations":[{"start":{"line":82,"column":6},"end":{"line":85,"column":null}},{"start":{},"end":{}}],"line":82},"23":{"loc":{"start":{"line":91,"column":4},"end":{"line":93,"column":null}},"type":"if","locations":[{"start":{"line":91,"column":4},"end":{"line":93,"column":null}},{"start":{"line":93,"column":4},"end":{"line":93,"column":null}}],"line":91},"24":{"loc":{"start":{"line":91,"column":8},"end":{"line":91,"column":46}},"type":"binary-expr","locations":[{"start":{"line":91,"column":8},"end":{"line":91,"column":21}},{"start":{"line":91,"column":21},"end":{"line":91,"column":32}},{"start":{"line":91,"column":32},"end":{"line":91,"column":46}}],"line":91},"25":{"loc":{"start":{"line":93,"column":4},"end":{"line":93,"column":null}},"type":"if","locations":[{"start":{"line":93,"column":4},"end":{"line":93,"column":null}},{"start":{},"end":{}}],"line":93},"26":{"loc":{"start":{"line":93,"column":15},"end":{"line":93,"column":42}},"type":"binary-expr","locations":[{"start":{"line":93,"column":15},"end":{"line":93,"column":33}},{"start":{"line":93,"column":33},"end":{"line":93,"column":42}}],"line":93},"27":{"loc":{"start":{"line":103,"column":6},"end":{"line":107,"column":null}},"type":"if","locations":[{"start":{"line":103,"column":6},"end":{"line":107,"column":null}},{"start":{},"end":{}}],"line":103},"28":{"loc":{"start":{"line":118,"column":4},"end":{"line":118,"column":null}},"type":"if","locations":[{"start":{"line":118,"column":4},"end":{"line":118,"column":null}},{"start":{},"end":{}}],"line":118},"29":{"loc":{"start":{"line":126,"column":20},"end":{"line":126,"column":null}},"type":"cond-expr","locations":[{"start":{"line":126,"column":32},"end":{"line":126,"column":55}},{"start":{"line":126,"column":55},"end":{"line":126,"column":null}}],"line":126},"30":{"loc":{"start":{"line":127,"column":20},"end":{"line":127,"column":null}},"type":"cond-expr","locations":[{"start":{"line":127,"column":32},"end":{"line":127,"column":55}},{"start":{"line":127,"column":55},"end":{"line":127,"column":null}}],"line":127},"31":{"loc":{"start":{"line":131,"column":4},"end":{"line":131,"column":null}},"type":"if","locations":[{"start":{"line":131,"column":4},"end":{"line":131,"column":null}},{"start":{},"end":{}}],"line":131},"32":{"loc":{"start":{"line":137,"column":4},"end":{"line":137,"column":null}},"type":"if","locations":[{"start":{"line":137,"column":4},"end":{"line":137,"column":null}},{"start":{},"end":{}}],"line":137},"33":{"loc":{"start":{"line":143,"column":2},"end":{"line":143,"column":null}},"type":"if","locations":[{"start":{"line":143,"column":2},"end":{"line":143,"column":null}},{"start":{},"end":{}}],"line":143},"34":{"loc":{"start":{"line":151,"column":11},"end":{"line":157,"column":null}},"type":"cond-expr","locations":[{"start":{"line":152,"column":12},"end":{"line":155,"column":null}},{"start":{"line":157,"column":12},"end":{"line":157,"column":null}}],"line":151},"35":{"loc":{"start":{"line":151,"column":11},"end":{"line":151,"column":null}},"type":"binary-expr","locations":[{"start":{"line":151,"column":11},"end":{"line":151,"column":24}},{"start":{"line":151,"column":24},"end":{"line":151,"column":null}}],"line":151},"36":{"loc":{"start":{"line":157,"column":12},"end":{"line":157,"column":null}},"type":"cond-expr","locations":[{"start":{"line":157,"column":25},"end":{"line":157,"column":106}},{"start":{"line":157,"column":106},"end":{"line":157,"column":null}}],"line":157},"37":{"loc":{"start":{"line":160,"column":9},"end":{"line":164,"column":null}},"type":"cond-expr","locations":[{"start":{"line":161,"column":10},"end":{"line":163,"column":null}},{"start":{"line":164,"column":12},"end":{"line":164,"column":null}}],"line":160},"38":{"loc":{"start":{"line":161,"column":10},"end":{"line":163,"column":null}},"type":"cond-expr","locations":[{"start":{"line":161,"column":41},"end":{"line":161,"column":null}},{"start":{"line":162,"column":12},"end":{"line":163,"column":null}}],"line":161},"39":{"loc":{"start":{"line":161,"column":10},"end":{"line":161,"column":41}},"type":"binary-expr","locations":[{"start":{"line":161,"column":10},"end":{"line":161,"column":30}},{"start":{"line":161,"column":30},"end":{"line":161,"column":41}}],"line":161},"40":{"loc":{"start":{"line":162,"column":12},"end":{"line":163,"column":null}},"type":"cond-expr","locations":[{"start":{"line":162,"column":22},"end":{"line":162,"column":null}},{"start":{"line":163,"column":14},"end":{"line":163,"column":null}}],"line":162},"41":{"loc":{"start":{"line":174,"column":4},"end":{"line":174,"column":null}},"type":"if","locations":[{"start":{"line":174,"column":4},"end":{"line":174,"column":null}},{"start":{},"end":{}}],"line":174},"42":{"loc":{"start":{"line":179,"column":18},"end":{"line":179,"column":47}},"type":"cond-expr","locations":[{"start":{"line":179,"column":34},"end":{"line":179,"column":46}},{"start":{"line":179,"column":46},"end":{"line":179,"column":47}}],"line":179},"43":{"loc":{"start":{"line":183,"column":66},"end":{"line":183,"column":95}},"type":"cond-expr","locations":[{"start":{"line":183,"column":87},"end":{"line":183,"column":93}},{"start":{"line":183,"column":93},"end":{"line":183,"column":95}}],"line":183},"44":{"loc":{"start":{"line":184,"column":98},"end":{"line":184,"column":169}},"type":"cond-expr","locations":[{"start":{"line":184,"column":127},"end":{"line":184,"column":156}},{"start":{"line":184,"column":156},"end":{"line":184,"column":169}}],"line":184},"45":{"loc":{"start":{"line":184,"column":98},"end":{"line":184,"column":127}},"type":"binary-expr","locations":[{"start":{"line":184,"column":98},"end":{"line":184,"column":115}},{"start":{"line":184,"column":115},"end":{"line":184,"column":127}}],"line":184},"46":{"loc":{"start":{"line":184,"column":174},"end":{"line":184,"column":266}},"type":"cond-expr","locations":[{"start":{"line":184,"column":185},"end":{"line":184,"column":238}},{"start":{"line":184,"column":238},"end":{"line":184,"column":266}}],"line":184},"47":{"loc":{"start":{"line":297,"column":6},"end":{"line":299,"column":null}},"type":"if","locations":[{"start":{"line":297,"column":6},"end":{"line":299,"column":null}},{"start":{},"end":{}}],"line":297},"48":{"loc":{"start":{"line":301,"column":4},"end":{"line":301,"column":null}},"type":"if","locations":[{"start":{"line":301,"column":4},"end":{"line":301,"column":null}},{"start":{},"end":{}}],"line":301},"49":{"loc":{"start":{"line":301,"column":8},"end":{"line":301,"column":48}},"type":"binary-expr","locations":[{"start":{"line":301,"column":8},"end":{"line":301,"column":28}},{"start":{"line":301,"column":28},"end":{"line":301,"column":48}}],"line":301},"50":{"loc":{"start":{"line":303,"column":6},"end":{"line":303,"column":null}},"type":"if","locations":[{"start":{"line":303,"column":6},"end":{"line":303,"column":null}},{"start":{},"end":{}}],"line":303},"51":{"loc":{"start":{"line":303,"column":10},"end":{"line":303,"column":94}},"type":"binary-expr","locations":[{"start":{"line":303,"column":10},"end":{"line":303,"column":53}},{"start":{"line":303,"column":53},"end":{"line":303,"column":73}},{"start":{"line":303,"column":73},"end":{"line":303,"column":94}}],"line":303},"52":{"loc":{"start":{"line":308,"column":6},"end":{"line":308,"column":null}},"type":"if","locations":[{"start":{"line":308,"column":6},"end":{"line":308,"column":null}},{"start":{},"end":{}}],"line":308},"53":{"loc":{"start":{"line":316,"column":4},"end":{"line":316,"column":null}},"type":"if","locations":[{"start":{"line":316,"column":4},"end":{"line":316,"column":null}},{"start":{},"end":{}}],"line":316},"54":{"loc":{"start":{"line":321,"column":4},"end":{"line":355,"column":null}},"type":"if","locations":[{"start":{"line":321,"column":4},"end":{"line":355,"column":null}},{"start":{},"end":{}}],"line":321},"55":{"loc":{"start":{"line":324,"column":8},"end":{"line":352,"column":null}},"type":"if","locations":[{"start":{"line":324,"column":8},"end":{"line":352,"column":null}},{"start":{},"end":{}}],"line":324},"56":{"loc":{"start":{"line":325,"column":10},"end":{"line":325,"column":null}},"type":"if","locations":[{"start":{"line":325,"column":10},"end":{"line":325,"column":null}},{"start":{},"end":{}}],"line":325},"57":{"loc":{"start":{"line":327,"column":10},"end":{"line":331,"column":null}},"type":"if","locations":[{"start":{"line":327,"column":10},"end":{"line":331,"column":null}},{"start":{"line":329,"column":10},"end":{"line":331,"column":null}}],"line":327},"58":{"loc":{"start":{"line":328,"column":13},"end":{"line":328,"column":null}},"type":"if","locations":[{"start":{"line":328,"column":13},"end":{"line":328,"column":null}},{"start":{},"end":{}}],"line":328},"59":{"loc":{"start":{"line":329,"column":10},"end":{"line":331,"column":null}},"type":"if","locations":[{"start":{"line":329,"column":10},"end":{"line":331,"column":null}},{"start":{},"end":{}}],"line":329},"60":{"loc":{"start":{"line":329,"column":21},"end":{"line":329,"column":65}},"type":"binary-expr","locations":[{"start":{"line":329,"column":21},"end":{"line":329,"column":48}},{"start":{"line":329,"column":48},"end":{"line":329,"column":65}}],"line":329},"61":{"loc":{"start":{"line":336,"column":10},"end":{"line":346,"column":null}},"type":"if","locations":[{"start":{"line":336,"column":10},"end":{"line":346,"column":null}},{"start":{"line":338,"column":17},"end":{"line":346,"column":null}}],"line":336},"62":{"loc":{"start":{"line":336,"column":14},"end":{"line":336,"column":66}},"type":"binary-expr","locations":[{"start":{"line":336,"column":14},"end":{"line":336,"column":36}},{"start":{"line":336,"column":36},"end":{"line":336,"column":53}},{"start":{"line":336,"column":53},"end":{"line":336,"column":66}}],"line":336},"63":{"loc":{"start":{"line":339,"column":14},"end":{"line":341,"column":null}},"type":"if","locations":[{"start":{"line":339,"column":14},"end":{"line":341,"column":null}},{"start":{},"end":{}}],"line":339},"64":{"loc":{"start":{"line":343,"column":14},"end":{"line":345,"column":null}},"type":"if","locations":[{"start":{"line":343,"column":14},"end":{"line":345,"column":null}},{"start":{},"end":{}}],"line":343},"65":{"loc":{"start":{"line":343,"column":18},"end":{"line":343,"column":121}},"type":"binary-expr","locations":[{"start":{"line":343,"column":18},"end":{"line":343,"column":48}},{"start":{"line":343,"column":48},"end":{"line":343,"column":81}},{"start":{"line":343,"column":81},"end":{"line":343,"column":121}}],"line":343},"66":{"loc":{"start":{"line":348,"column":10},"end":{"line":351,"column":null}},"type":"if","locations":[{"start":{"line":348,"column":10},"end":{"line":351,"column":null}},{"start":{},"end":{}}],"line":348},"67":{"loc":{"start":{"line":348,"column":14},"end":{"line":348,"column":87}},"type":"binary-expr","locations":[{"start":{"line":348,"column":14},"end":{"line":348,"column":32}},{"start":{"line":348,"column":32},"end":{"line":348,"column":87}}],"line":348},"68":{"loc":{"start":{"line":359,"column":4},"end":{"line":359,"column":null}},"type":"if","locations":[{"start":{"line":359,"column":4},"end":{"line":359,"column":null}},{"start":{},"end":{}}],"line":359},"69":{"loc":{"start":{"line":372,"column":4},"end":{"line":372,"column":null}},"type":"if","locations":[{"start":{"line":372,"column":4},"end":{"line":372,"column":null}},{"start":{},"end":{}}],"line":372},"70":{"loc":{"start":{"line":383,"column":22},"end":{"line":383,"column":null}},"type":"cond-expr","locations":[{"start":{"line":383,"column":44},"end":{"line":383,"column":52}},{"start":{"line":383,"column":52},"end":{"line":383,"column":null}}],"line":383},"71":{"loc":{"start":{"line":384,"column":29},"end":{"line":384,"column":null}},"type":"cond-expr","locations":[{"start":{"line":384,"column":46},"end":{"line":384,"column":91}},{"start":{"line":384,"column":91},"end":{"line":384,"column":null}}],"line":384},"72":{"loc":{"start":{"line":388,"column":41},"end":{"line":388,"column":null}},"type":"cond-expr","locations":[{"start":{"line":388,"column":59},"end":{"line":388,"column":66}},{"start":{"line":388,"column":66},"end":{"line":388,"column":null}}],"line":388},"73":{"loc":{"start":{"line":394,"column":4},"end":{"line":394,"column":null}},"type":"if","locations":[{"start":{"line":394,"column":4},"end":{"line":394,"column":null}},{"start":{},"end":{}}],"line":394},"74":{"loc":{"start":{"line":419,"column":8},"end":{"line":423,"column":null}},"type":"if","locations":[{"start":{"line":419,"column":8},"end":{"line":423,"column":null}},{"start":{"line":421,"column":15},"end":{"line":423,"column":null}}],"line":419},"75":{"loc":{"start":{"line":431,"column":25},"end":{"line":431,"column":63}},"type":"if","locations":[{"start":{"line":431,"column":25},"end":{"line":431,"column":63}},{"start":{},"end":{}}],"line":431},"76":{"loc":{"start":{"line":433,"column":4},"end":{"line":435,"column":null}},"type":"if","locations":[{"start":{"line":433,"column":4},"end":{"line":435,"column":null}},{"start":{},"end":{}}],"line":433},"77":{"loc":{"start":{"line":437,"column":48},"end":{"line":437,"column":86}},"type":"cond-expr","locations":[{"start":{"line":437,"column":67},"end":{"line":437,"column":77}},{"start":{"line":437,"column":77},"end":{"line":437,"column":86}}],"line":437},"78":{"loc":{"start":{"line":440,"column":4},"end":{"line":440,"column":null}},"type":"if","locations":[{"start":{"line":440,"column":4},"end":{"line":440,"column":null}},{"start":{},"end":{}}],"line":440},"79":{"loc":{"start":{"line":440,"column":8},"end":{"line":440,"column":59}},"type":"binary-expr","locations":[{"start":{"line":440,"column":8},"end":{"line":440,"column":27}},{"start":{"line":440,"column":27},"end":{"line":440,"column":59}}],"line":440},"80":{"loc":{"start":{"line":441,"column":4},"end":{"line":446,"column":null}},"type":"if","locations":[{"start":{"line":441,"column":4},"end":{"line":446,"column":null}},{"start":{"line":444,"column":11},"end":{"line":446,"column":null}}],"line":441},"81":{"loc":{"start":{"line":442,"column":26},"end":{"line":442,"column":null}},"type":"cond-expr","locations":[{"start":{"line":442,"column":60},"end":{"line":442,"column":65}},{"start":{"line":442,"column":65},"end":{"line":442,"column":null}}],"line":442},"82":{"loc":{"start":{"line":445,"column":27},"end":{"line":445,"column":69}},"type":"cond-expr","locations":[{"start":{"line":445,"column":57},"end":{"line":445,"column":64}},{"start":{"line":445,"column":64},"end":{"line":445,"column":69}}],"line":445},"83":{"loc":{"start":{"line":453,"column":4},"end":{"line":453,"column":null}},"type":"if","locations":[{"start":{"line":453,"column":4},"end":{"line":453,"column":null}},{"start":{},"end":{}}],"line":453},"84":{"loc":{"start":{"line":461,"column":4},"end":{"line":477,"column":null}},"type":"if","locations":[{"start":{"line":461,"column":4},"end":{"line":477,"column":null}},{"start":{"line":464,"column":11},"end":{"line":477,"column":null}}],"line":461},"85":{"loc":{"start":{"line":462,"column":20},"end":{"line":462,"column":null}},"type":"cond-expr","locations":[{"start":{"line":462,"column":46},"end":{"line":462,"column":55}},{"start":{"line":462,"column":55},"end":{"line":462,"column":null}}],"line":462},"86":{"loc":{"start":{"line":466,"column":8},"end":{"line":470,"column":null}},"type":"if","locations":[{"start":{"line":466,"column":8},"end":{"line":470,"column":null}},{"start":{"line":468,"column":15},"end":{"line":470,"column":null}}],"line":466},"87":{"loc":{"start":{"line":472,"column":53},"end":{"line":472,"column":95}},"type":"cond-expr","locations":[{"start":{"line":472,"column":67},"end":{"line":472,"column":94}},{"start":{"line":472,"column":94},"end":{"line":472,"column":95}}],"line":472},"88":{"loc":{"start":{"line":473,"column":46},"end":{"line":473,"column":77}},"type":"binary-expr","locations":[{"start":{"line":473,"column":46},"end":{"line":473,"column":66}},{"start":{"line":473,"column":66},"end":{"line":473,"column":77}}],"line":473},"89":{"loc":{"start":{"line":474,"column":47},"end":{"line":474,"column":79}},"type":"binary-expr","locations":[{"start":{"line":474,"column":47},"end":{"line":474,"column":68}},{"start":{"line":474,"column":68},"end":{"line":474,"column":79}}],"line":474},"90":{"loc":{"start":{"line":475,"column":8},"end":{"line":475,"column":null}},"type":"if","locations":[{"start":{"line":475,"column":8},"end":{"line":475,"column":null}},{"start":{},"end":{}}],"line":475},"91":{"loc":{"start":{"line":476,"column":8},"end":{"line":476,"column":null}},"type":"if","locations":[{"start":{"line":476,"column":8},"end":{"line":476,"column":null}},{"start":{},"end":{}}],"line":476},"92":{"loc":{"start":{"line":486,"column":4},"end":{"line":496,"column":null}},"type":"if","locations":[{"start":{"line":486,"column":4},"end":{"line":496,"column":null}},{"start":{"line":490,"column":4},"end":{"line":496,"column":null}}],"line":486},"93":{"loc":{"start":{"line":490,"column":4},"end":{"line":496,"column":null}},"type":"if","locations":[{"start":{"line":490,"column":4},"end":{"line":496,"column":null}},{"start":{},"end":{}}],"line":490},"94":{"loc":{"start":{"line":491,"column":23},"end":{"line":491,"column":null}},"type":"cond-expr","locations":[{"start":{"line":491,"column":49},"end":{"line":491,"column":58}},{"start":{"line":491,"column":58},"end":{"line":491,"column":null}}],"line":491},"95":{"loc":{"start":{"line":493,"column":6},"end":{"line":494,"column":null}},"type":"if","locations":[{"start":{"line":493,"column":6},"end":{"line":494,"column":null}},{"start":{"line":494,"column":11},"end":{"line":494,"column":null}}],"line":493},"96":{"loc":{"start":{"line":495,"column":6},"end":{"line":495,"column":null}},"type":"if","locations":[{"start":{"line":495,"column":6},"end":{"line":495,"column":null}},{"start":{},"end":{}}],"line":495},"97":{"loc":{"start":{"line":501,"column":21},"end":{"line":501,"column":null}},"type":"cond-expr","locations":[{"start":{"line":501,"column":47},"end":{"line":501,"column":56}},{"start":{"line":501,"column":56},"end":{"line":501,"column":null}}],"line":501},"98":{"loc":{"start":{"line":503,"column":4},"end":{"line":504,"column":null}},"type":"if","locations":[{"start":{"line":503,"column":4},"end":{"line":504,"column":null}},{"start":{"line":504,"column":9},"end":{"line":504,"column":null}}],"line":503},"99":{"loc":{"start":{"line":505,"column":4},"end":{"line":505,"column":null}},"type":"if","locations":[{"start":{"line":505,"column":4},"end":{"line":505,"column":null}},{"start":{},"end":{}}],"line":505},"100":{"loc":{"start":{"line":509,"column":22},"end":{"line":509,"column":null}},"type":"cond-expr","locations":[{"start":{"line":509,"column":44},"end":{"line":509,"column":52}},{"start":{"line":509,"column":52},"end":{"line":509,"column":null}}],"line":509},"101":{"loc":{"start":{"line":510,"column":29},"end":{"line":510,"column":null}},"type":"cond-expr","locations":[{"start":{"line":510,"column":55},"end":{"line":510,"column":100}},{"start":{"line":510,"column":100},"end":{"line":510,"column":null}}],"line":510},"102":{"loc":{"start":{"line":520,"column":2},"end":{"line":534,"column":null}},"type":"if","locations":[{"start":{"line":520,"column":2},"end":{"line":534,"column":null}},{"start":{},"end":{}}],"line":520},"103":{"loc":{"start":{"line":536,"column":2},"end":{"line":579,"column":null}},"type":"if","locations":[{"start":{"line":536,"column":2},"end":{"line":579,"column":null}},{"start":{},"end":{}}],"line":536},"104":{"loc":{"start":{"line":540,"column":9},"end":{"line":540,"column":null}},"type":"binary-expr","locations":[{"start":{"line":540,"column":9},"end":{"line":540,"column":22}},{"start":{"line":540,"column":22},"end":{"line":540,"column":null}}],"line":540},"105":{"loc":{"start":{"line":542,"column":9},"end":{"line":542,"column":null}},"type":"binary-expr","locations":[{"start":{"line":542,"column":9},"end":{"line":542,"column":23}},{"start":{"line":542,"column":23},"end":{"line":542,"column":null}}],"line":542},"106":{"loc":{"start":{"line":581,"column":2},"end":{"line":581,"column":null}},"type":"if","locations":[{"start":{"line":581,"column":2},"end":{"line":581,"column":null}},{"start":{},"end":{}}],"line":581},"107":{"loc":{"start":{"line":582,"column":2},"end":{"line":582,"column":null}},"type":"if","locations":[{"start":{"line":582,"column":2},"end":{"line":582,"column":null}},{"start":{},"end":{}}],"line":582},"108":{"loc":{"start":{"line":583,"column":2},"end":{"line":583,"column":null}},"type":"if","locations":[{"start":{"line":583,"column":2},"end":{"line":583,"column":null}},{"start":{},"end":{}}],"line":583},"109":{"loc":{"start":{"line":585,"column":45},"end":{"line":585,"column":76}},"type":"binary-expr","locations":[{"start":{"line":585,"column":45},"end":{"line":585,"column":65}},{"start":{"line":585,"column":65},"end":{"line":585,"column":76}}],"line":585},"110":{"loc":{"start":{"line":586,"column":46},"end":{"line":586,"column":78}},"type":"binary-expr","locations":[{"start":{"line":586,"column":46},"end":{"line":586,"column":67}},{"start":{"line":586,"column":67},"end":{"line":586,"column":78}}],"line":586},"111":{"loc":{"start":{"line":588,"column":18},"end":{"line":588,"column":null}},"type":"cond-expr","locations":[{"start":{"line":588,"column":30},"end":{"line":588,"column":45}},{"start":{"line":588,"column":45},"end":{"line":588,"column":null}}],"line":588},"112":{"loc":{"start":{"line":593,"column":2},"end":{"line":598,"column":null}},"type":"if","locations":[{"start":{"line":593,"column":2},"end":{"line":598,"column":null}},{"start":{},"end":{}}],"line":593},"113":{"loc":{"start":{"line":594,"column":4},"end":{"line":597,"column":null}},"type":"if","locations":[{"start":{"line":594,"column":4},"end":{"line":597,"column":null}},{"start":{"line":597,"column":11},"end":{"line":597,"column":null}}],"line":594},"114":{"loc":{"start":{"line":595,"column":6},"end":{"line":596,"column":null}},"type":"if","locations":[{"start":{"line":595,"column":6},"end":{"line":596,"column":null}},{"start":{"line":596,"column":11},"end":{"line":596,"column":null}}],"line":595},"115":{"loc":{"start":{"line":596,"column":26},"end":{"line":596,"column":null}},"type":"cond-expr","locations":[{"start":{"line":596,"column":38},"end":{"line":596,"column":54}},{"start":{"line":596,"column":54},"end":{"line":596,"column":null}}],"line":596},"116":{"loc":{"start":{"line":604,"column":7},"end":{"line":604,"column":null}},"type":"binary-expr","locations":[{"start":{"line":604,"column":7},"end":{"line":604,"column":20}},{"start":{"line":604,"column":20},"end":{"line":604,"column":null}}],"line":604},"117":{"loc":{"start":{"line":605,"column":90},"end":{"line":605,"column":125}},"type":"binary-expr","locations":[{"start":{"line":605,"column":90},"end":{"line":605,"column":103}},{"start":{"line":605,"column":103},"end":{"line":605,"column":125}}],"line":605},"118":{"loc":{"start":{"line":611,"column":112},"end":{"line":611,"column":177}},"type":"binary-expr","locations":[{"start":{"line":611,"column":112},"end":{"line":611,"column":126}},{"start":{"line":611,"column":126},"end":{"line":611,"column":177}}],"line":611},"119":{"loc":{"start":{"line":614,"column":8},"end":{"line":615,"column":null}},"type":"binary-expr","locations":[{"start":{"line":615,"column":10},"end":{"line":615,"column":32}},{"start":{"line":615,"column":32},"end":{"line":615,"column":53}},{"start":{"line":615,"column":53},"end":{"line":615,"column":null}}],"line":614},"120":{"loc":{"start":{"line":616,"column":146},"end":{"line":616,"column":184}},"type":"cond-expr","locations":[{"start":{"line":616,"column":158},"end":{"line":616,"column":172}},{"start":{"line":616,"column":172},"end":{"line":616,"column":184}}],"line":616},"121":{"loc":{"start":{"line":616,"column":299},"end":{"line":616,"column":338}},"type":"cond-expr","locations":[{"start":{"line":616,"column":312},"end":{"line":616,"column":326}},{"start":{"line":616,"column":326},"end":{"line":616,"column":338}}],"line":616},"122":{"loc":{"start":{"line":617,"column":14},"end":{"line":617,"column":296}},"type":"cond-expr","locations":[{"start":{"line":617,"column":41},"end":{"line":617,"column":138}},{"start":{"line":617,"column":138},"end":{"line":617,"column":296}}],"line":617},"123":{"loc":{"start":{"line":617,"column":194},"end":{"line":617,"column":234}},"type":"cond-expr","locations":[{"start":{"line":617,"column":206},"end":{"line":617,"column":221}},{"start":{"line":617,"column":221},"end":{"line":617,"column":234}}],"line":617},"124":{"loc":{"start":{"line":617,"column":239},"end":{"line":617,"column":288}},"type":"cond-expr","locations":[{"start":{"line":617,"column":251},"end":{"line":617,"column":271}},{"start":{"line":617,"column":271},"end":{"line":617,"column":288}}],"line":617},"125":{"loc":{"start":{"line":621,"column":9},"end":{"line":625,"column":null}},"type":"binary-expr","locations":[{"start":{"line":621,"column":9},"end":{"line":621,"column":32}},{"start":{"line":621,"column":32},"end":{"line":621,"column":null}},{"start":{"line":622,"column":10},"end":{"line":625,"column":null}}],"line":621},"126":{"loc":{"start":{"line":623,"column":191},"end":{"line":623,"column":235}},"type":"cond-expr","locations":[{"start":{"line":623,"column":203},"end":{"line":623,"column":220}},{"start":{"line":623,"column":220},"end":{"line":623,"column":235}}],"line":623},"127":{"loc":{"start":{"line":623,"column":264},"end":{"line":623,"column":298}},"type":"cond-expr","locations":[{"start":{"line":623,"column":276},"end":{"line":623,"column":288}},{"start":{"line":623,"column":288},"end":{"line":623,"column":298}}],"line":623},"128":{"loc":{"start":{"line":627,"column":9},"end":{"line":628,"column":null}},"type":"binary-expr","locations":[{"start":{"line":627,"column":9},"end":{"line":627,"column":null}},{"start":{"line":628,"column":10},"end":{"line":628,"column":null}}],"line":627},"129":{"loc":{"start":{"line":628,"column":247},"end":{"line":628,"column":361}},"type":"binary-expr","locations":[{"start":{"line":628,"column":247},"end":{"line":628,"column":269}},{"start":{"line":628,"column":269},"end":{"line":628,"column":361}}],"line":628},"130":{"loc":{"start":{"line":632,"column":155},"end":{"line":632,"column":205}},"type":"cond-expr","locations":[{"start":{"line":632,"column":178},"end":{"line":632,"column":199}},{"start":{"line":632,"column":199},"end":{"line":632,"column":205}}],"line":632},"131":{"loc":{"start":{"line":637,"column":7},"end":{"line":648,"column":null}},"type":"binary-expr","locations":[{"start":{"line":637,"column":7},"end":{"line":637,"column":null}},{"start":{"line":638,"column":8},"end":{"line":648,"column":null}}],"line":637},"132":{"loc":{"start":{"line":639,"column":11},"end":{"line":642,"column":null}},"type":"binary-expr","locations":[{"start":{"line":639,"column":11},"end":{"line":639,"column":41}},{"start":{"line":639,"column":41},"end":{"line":639,"column":78}},{"start":{"line":639,"column":78},"end":{"line":639,"column":null}},{"start":{"line":640,"column":12},"end":{"line":642,"column":null}}],"line":639},"133":{"loc":{"start":{"line":646,"column":13},"end":{"line":646,"column":null}},"type":"binary-expr","locations":[{"start":{"line":646,"column":13},"end":{"line":646,"column":32}},{"start":{"line":646,"column":32},"end":{"line":646,"column":null}}],"line":646},"134":{"loc":{"start":{"line":651,"column":7},"end":{"line":657,"column":null}},"type":"binary-expr","locations":[{"start":{"line":651,"column":7},"end":{"line":651,"column":null}},{"start":{"line":652,"column":8},"end":{"line":657,"column":null}}],"line":651},"135":{"loc":{"start":{"line":654,"column":204},"end":{"line":654,"column":264}},"type":"cond-expr","locations":[{"start":{"line":654,"column":232},"end":{"line":654,"column":249}},{"start":{"line":654,"column":249},"end":{"line":654,"column":264}}],"line":654},"136":{"loc":{"start":{"line":654,"column":278},"end":{"line":654,"column":322}},"type":"cond-expr","locations":[{"start":{"line":654,"column":306},"end":{"line":654,"column":315}},{"start":{"line":654,"column":315},"end":{"line":654,"column":322}}],"line":654}},"s":{"0":2,"1":0,"2":0,"3":0,"4":0,"5":0,"6":0,"7":0,"8":0,"9":0,"10":0,"11":0,"12":2,"13":6,"14":6,"15":6,"16":6,"17":5,"18":1,"19":1,"20":0,"21":0,"22":0,"23":0,"24":6,"25":6,"26":6,"27":6,"28":6,"29":6,"30":2,"31":0,"32":0,"33":0,"34":0,"35":2,"36":0,"37":0,"38":0,"39":0,"40":0,"41":0,"42":0,"43":0,"44":0,"45":0,"46":0,"47":0,"48":0,"49":0,"50":0,"51":0,"52":0,"53":0,"54":0,"55":0,"56":0,"57":0,"58":0,"59":0,"60":0,"61":0,"62":0,"63":0,"64":0,"65":0,"66":0,"67":0,"68":0,"69":0,"70":0,"71":0,"72":0,"73":0,"74":0,"75":0,"76":0,"77":0,"78":0,"79":0,"80":0,"81":0,"82":0,"83":0,"84":0,"85":0,"86":0,"87":0,"88":0,"89":0,"90":0,"91":0,"92":0,"93":0,"94":0,"95":0,"96":0,"97":0,"98":0,"99":0,"100":0,"101":0,"102":0,"103":0,"104":0,"105":0,"106":2,"107":3,"108":3,"109":2,"110":0,"111":2,"112":10,"113":10,"114":10,"115":10,"116":2,"117":2,"118":3,"119":3,"120":3,"121":2,"122":0,"123":2,"124":0,"125":0,"126":2,"127":0,"128":0,"129":0,"130":2,"131":0,"132":0,"133":0,"134":0,"135":0,"136":0,"137":0,"138":0,"139":0,"140":0,"141":0,"142":0,"143":0,"144":0,"145":0,"146":0,"147":0,"148":0,"149":0,"150":0,"151":0,"152":0,"153":0,"154":0,"155":0,"156":0,"157":0,"158":0,"159":0,"160":0,"161":0,"162":0,"163":0,"164":0,"165":0,"166":0,"167":0,"168":0,"169":0,"170":0,"171":0,"172":0,"173":0,"174":0,"175":0,"176":0,"177":0,"178":0,"179":0,"180":0,"181":0,"182":0,"183":0,"184":0,"185":0,"186":0,"187":0,"188":0,"189":0,"190":0,"191":0,"192":0,"193":0,"194":0,"195":0,"196":0,"197":0,"198":0,"199":0,"200":0,"201":0,"202":0,"203":0,"204":0,"205":0,"206":0,"207":0,"208":0,"209":0,"210":0,"211":0,"212":0,"213":0,"214":0,"215":0,"216":0,"217":0,"218":0,"219":0,"220":0,"221":0,"222":
[...]
finity":81,"s:126:20:126:Infinity":82,"b:126:32:126:55:126:55:126:Infinity":29,"s:127:20:127:Infinity":83,"b:127:32:127:55:127:55:127:Infinity":30,"s:128:4:128:Infinity":84,"s:130:20:135:Infinity":85,"f:130:20:130:21":15,"b:131:4:131:Infinity:undefined:undefined:undefined:undefined":31,"s:131:4:131:Infinity":86,"s:131:18:131:Infinity":87,"s:132:21:132:Infinity":88,"s:133:16:133:Infinity":89,"s:134:4:134:23":90,"s:134:23:134:46":91,"s:134:46:134:63":92,"s:134:63:134:Infinity":93,"s:136:15:141:Infinity":94,"f:136:15:136:16":16,"b:137:4:137:Infinity:undefined:undefined:undefined:undefined":32,"s:137:4:137:Infinity":95,"s:137:18:137:Infinity":96,"s:138:21:138:Infinity":97,"s:139:16:139:Infinity":98,"s:140:4:140:22":99,"s:140:22:140:36":100,"s:140:36:140:Infinity":101,"b:143:2:143:Infinity:undefined:undefined:undefined:undefined":33,"s:143:2:143:Infinity":102,"s:143:15:143:Infinity":103,"s:145:2:166:Infinity":104,"f:147:112:147:117":17,"s:147:117:147:Infinity":105,"b:152:12:155:Infinity:157:12:157:Infinity":34,"b:151:11:151:24:151:24:151:Infinity":35,"b:157:25:157:106:157:106:157:Infinity":36,"b:161:10:163:Infinity:164:12:164:Infinity":37,"b:161:41:161:Infinity:162:12:163:Infinity":38,"b:161:10:161:30:161:30:161:41":39,"b:162:22:162:Infinity:163:14:163:Infinity":40,"s:171:21:185:Infinity":106,"f:171:21:171:22":18,"s:172:30:172:Infinity":107,"s:173:2:182:Infinity":108,"f:173:12:173:18":19,"b:174:4:174:Infinity:undefined:undefined:undefined:undefined":41,"s:174:4:174:Infinity":109,"s:174:18:174:Infinity":110,"s:175:21:180:Infinity":111,"f:175:33:175:39":20,"s:176:18:176:Infinity":112,"s:177:22:177:Infinity":113,"s:178:24:178:Infinity":114,"s:179:6:179:Infinity":115,"b:179:34:179:46:179:46:179:47":42,"s:181:4:181:Infinity":116,"f:181:11:181:17":21,"s:181:17:181:Infinity":117,"s:183:21:183:Infinity":118,"f:183:21:183:22":22,"s:183:34:183:Infinity":119,"b:183:87:183:93:183:93:183:95":43,"s:184:2:184:Infinity":120,"b:184:127:184:156:184:156:184:169":44,"b:184:98:184:115:184:115:184:127":45,"b:184:185:184:238:184:238:184:266":46,"s:188:18:195:Infinity":121,"f:188:18:188:19":23,"s:189:2:195:Infinity":122,"s:198:19:247:Infinity":123,"f:198:19:198:20":24,"s:199:2:247:Infinity":124,"f:200:149:200:154":25,"s:200:154:200:Infinity":125,"s:251:27:254:Infinity":126,"f:251:27:251:33":26,"s:252:18:252:Infinity":127,"s:253:2:253:Infinity":128,"f:253:181:253:182":27,"s:253:191:253:211":129,"s:255:17:263:Infinity":130,"f:255:17:255:23":28,"s:256:17:256:Infinity":131,"s:257:24:257:Infinity":132,"s:258:2:261:Infinity":133,"f:258:12:258:18":29,"s:259:21:259:Infinity":134,"f:259:33:259:39":30,"s:259:41:259:102":135,"s:260:4:260:Infinity":136,"f:260:11:260:17":31,"s:260:17:260:Infinity":137,"s:262:2:262:Infinity":138,"f:266:24:266:30":32,"s:267:22:267:Infinity":139,"s:268:30:268:Infinity":140,"s:269:30:269:Infinity":141,"s:272:32:272:Infinity":142,"s:273:34:273:Infinity":143,"s:274:36:274:Infinity":144,"s:276:26:276:Infinity":145,"s:277:46:277:Infinity":146,"s:278:48:278:Infinity":147,"s:279:44:279:Infinity":148,"s:280:34:280:Infinity":149,"s:281:8:281:Infinity":150,"s:284:18:290:Infinity":151,"f:284:18:284:19":33,"s:285:4:290:Infinity":152,"f:286:15:286:16":34,"s:286:24:286:45":153,"s:286:45:286:77":154,"s:294:2:310:Infinity":155,"f:294:12:294:18":35,"s:295:19:295:Infinity":156,"s:296:28:300:Infinity":157,"f:296:28:296:40":36,"b:297:6:299:Infinity:undefined:undefined:undefined:undefined":47,"s:297:6:299:Infinity":158,"s:298:8:298:Infinity":159,"s:298:14:298:69":160,"s:298:85:298:103":161,"b:301:4:301:Infinity:undefined:undefined:undefined:undefined":48,"s:301:4:301:Infinity":162,"b:301:8:301:28:301:28:301:48":49,"s:301:48:301:Infinity":163,"s:302:35:304:Infinity":164,"f:302:35:302:41":37,"b:303:6:303:Infinity:undefined:undefined:undefined:undefined":50,"s:303:6:303:Infinity":165,"b:303:10:303:53:303:53:303:73:303:73:303:94":51,"s:303:94:303:Infinity":166,"s:305:4:305:Infinity":167,"s:306:4:309:Infinity":168,"f:306:11:306:17":38,"s:307:6:307:Infinity":169,"b:308:6:308:Infinity:undefined:undefined:undefined:undefined":52,"s:308:6:308:Infinity":170,"s:308:20:308:Infinity":171,"s:313:2:317:Infinity":172,"f:313:12:313:18":39,"s:314:19:314:Infinity":173,"s:315:22:315:Infinity":174,"b:316:4:316:Infinity:undefined:undefined:undefined:undefined":53,"s:316:4:316:Infinity":175,"s:316:19:316:Infinity":176,"s:320:2:356:Infinity":177,"f:320:12:320:18":40,"b:321:4:355:Infinity:undefined:undefined:undefined:undefined":54,"s:321:4:355:Infinity":178,"s:322:12:353:Infinity":179,"f:322:64:322:65":41,"s:323:21:323:Infinity":180,"b:324:8:352:Infinity:undefined:undefined:undefined:undefined":55,"s:324:8:352:Infinity":181,"b:325:10:325:Infinity:undefined:undefined:undefined:undefined":56,"s:325:10:325:Infinity":182,"s:325:42:325:56":183,"s:325:56:325:64":184,"b:327:10:331:Infinity:329:10:331:Infinity":57,"s:327:10:331:Infinity":185,"b:328:13:328:Infinity:undefined:undefined:undefined:undefined":58,"s:328:13:328:Infinity":186,"s:328:44:328:Infinity":187,"b:329:10:331:Infinity:undefined:undefined:undefined:undefined":59,"s:329:10:331:Infinity":188,"b:329:21:329:48:329:48:329:65":60,"s:330:13:330:Infinity":189,"s:333:10:333:Infinity":190,"s:335:23:335:Infinity":191,"b:336:10:346:Infinity:338:17:346:Infinity":61,"s:336:10:346:Infinity":192,"b:336:14:336:36:336:36:336:53:336:53:336:66":62,"s:337:14:337:Infinity":193,"b:339:14:341:Infinity:undefined:undefined:undefined:undefined":63,"s:339:14:341:Infinity":194,"s:340:18:340:Infinity":195,"b:343:14:345:Infinity:undefined:undefined:undefined:undefined":64,"s:343:14:345:Infinity":196,"b:343:18:343:48:343:48:343:81:343:81:343:121":65,"s:344:18:344:Infinity":197,"b:348:10:351:Infinity:undefined:undefined:undefined:undefined":66,"s:348:10:351:Infinity":198,"b:348:14:348:32:348:32:348:87":67,"s:349:14:349:Infinity":199,"s:350:14:350:Infinity":200,"s:354:6:354:Infinity":201,"f:354:13:354:19":42,"s:354:19:354:Infinity":202,"s:358:2:360:Infinity":203,"f:358:12:358:18":43,"b:359:4:359:Infinity:undefined:undefined:undefined:undefined":68,"s:359:4:359:Infinity":204,"s:359:24:359:Infinity":205,"s:363:21:366:Infinity":206,"f:363:21:363:27":44,"s:364:4:364:21":207,"s:364:21:364:40":208,"s:364:40:364:Infinity":209,"s:365:4:365:Infinity":210,"s:367:20:370:Infinity":211,"f:367:20:367:21":45,"s:368:19:368:Infinity":212,"s:369:4:369:Infinity":213,"s:371:21:374:Infinity":214,"f:371:21:371:27":46,"b:372:4:372:Infinity:undefined:undefined:undefined:undefined":69,"s:372:4:372:Infinity":215,"s:372:34:372:59":216,"s:372:59:372:67":217,"s:373:4:373:Infinity":218,"s:375:25:392:Infinity":219,"f:375:25:375:26":47,"s:376:4:376:Infinity":220,"s:377:18:377:Infinity":221,"s:378:18:378:Infinity":222,"s:379:4:381:Infinity":223,"s:379:17:379:20":224,"s:380:6:380:Infinity":225,"s:382:4:382:26":226,"s:382:26:382:Infinity":227,"s:383:22:383:Infinity":228,"b:383:44:383:52:383:52:383:Infinity":70,"s:384:29:384:Infinity":229,"b:384:46:384:91:384:91:384:Infinity":71,"s:385:4:390:Infinity":230,"b:388:59:388:66:388:66:388:Infinity":72,"s:391:4:391:Infinity":231,"s:393:19:396:Infinity":232,"f:393:19:393:20":48,"b:394:4:394:Infinity:undefined:undefined:undefined:undefined":73,"s:394:4:394:Infinity":233,"s:394:15:394:Infinity":234,"s:395:22:395:42":235,"s:395:42:395:66":236,"s:395:66:395:88":237,"s:395:88:395:Infinity":238,"s:397:19:430:Infinity":239,"f:397:19:397:31":49,"s:398:16:398:Infinity":240,"s:400:4:427:Infinity":241,"s:401:6:401:Infinity":242,"s:402:6:402:Infinity":243,"s:404:6:426:Infinity":244,"s:405:25:405:Infinity":245,"s:406:8:406:Infinity":246,"s:408:8:408:Infinity":247,"s:409:8:409:Infinity":248,"s:410:8:410:Infinity":249,"s:412:8:412:Infinity":250,"s:413:8:413:Infinity":251,"s:414:8:414:Infinity":252,"s:416:27:416:Infinity":253,"s:417:8:417:Infinity":254,"b:419:8:423:Infinity:421:15:423:Infinity":74,"s:419:8:423:Infinity":255,"s:420:10:420:Infinity":256,"s:422:10:422:Infinity":257,"s:425:8:425:Infinity":258,"s:429:4:429:Infinity":259,"f:429:15:429:21":50,"s:429:21:429:43":260,"s:431:17:431:Infinity":261,"f:431:17:431:23":51,"b:431:25:431:63:undefined:undefined:undefined:undefined":75,"s:431:25:431:63":262,"s:431:49:431:63":263,"s:432:22:436:Infinity":264,"f:432:22:432:28":52,"b:433:4:435:Infinity:undefined:undefined:undefined:undefined":76,"s:433:4:435:Infinity":265,"s:434:6:434:66":266,"s:434:66:434:Infinity":267,"s:437:30:437:Infinity":268,"f:437:30:437:31":53,"s:437:40:437:Infinity":269,"b:437:67:437:77:437:77:437:86":77,"s:439:26:447:Infinity":270,"f:439:26:439:27":54,"b:440:4:440:Infinity:undefined:undefined:undefined:undefined":78,"s:440:4:440:Infinity":271,"b:440:8:440:27:440:27:440:59":79,"s:440:59:440:Infinity":272,"b:441:4:446:Infinity:444:11:446:Infinity":80,"s:441:4:446:Infinity":273,"s:442:26:442:Infinity":274,"b:442:60:442:65:442:65:442:Infinity":81,"s:443:6:443:Infinity":275,"s:445:6:445:Infinity":276,"b:445:57:445:64:445:64:445:69":82,"s:448:31:451:Infinity":277,"f:448:31:448:37":55,"s:449:4:449:Infinity":278,"s:450:4:450:Infinity":279,"s:452:24:499:Infinity":280,"f:452:24:452:30":56,"b:453:4:453:Infinity:undefined:undefined:undefined:undefined":83,"s:453:4:453:Infinity":281,"s:453:36:453:Infinity":282,"s:454:18:454:Infinity":283,"s:455:25:455:Infinity":284,"s:456:17:456:Infinity":285,"s:458:20:458:Infinity":286,"s:459:20:459:Infinity":287,"b:461:4:477:Infinity:464:11:477:Infinity":84,"s:461:4:477:Infinity":288,"s:462:8:462:Infinity":289,"b:462:46:462:55:462:55:462:Infinity":85,"s:463:8:463:Infinity":290,"b:466:8:470:Infinity:468:15:470:Infinity":86,"s:466:8:470:Infinity":291,"s:467:12:467:Infinity":292,"s:469:12:469:Infinity":293,"s:472:26:472:Infinity":294,"f:472:43:472:44":57,"s:472:53:472:95":295,"b:472:67:472:94:472:94:472:95":87,"s:473:24:473:Infinity":296,"f:473:41:473:46":58,"s:473:46:473:77":297,"b:473:46:473:66:473:66:473:77":88,"s:474:25:474:Infinity":298,"f:474:42:474:47":59,"s:474:47:474:79":299,"b:474:47:474:68:474:68:474:79":89,"b:475:8:475:Infinity:undefined:undefined:undefined:undefined":90,"s:475:8:475:Infinity":300,"s:475:27:475:Infinity":301,"b:476:8:476:Infinity:undefined:undefined:undefined:undefined":91,"s:476:8:476:Infinity":302,"s:476:28:476:Infinity":303,"s:479:20:479:Infinity":304,"s:480:4:480:Infinity":305,"s:481:4:481:Infinity":306,"s:484:4:484:Infinity":307,"b:486:4:496:Infinity:490:4:496:Infinity":92,"s:486:4:496:Infinity":308,"s:487:8:487:Infinity":309,"s:489:8:489:Infinity":310,"b:490:4:496:Infinity:undefined:undefined:undefined:undefined":93,"s:490:4:496:Infinity":311,"s:491:23:491:Infinity":312,"b:491:49:491:58:491:58:491:Infinity":94,"s:492:6:492:Infinity":313,"b:493:6:494:Infinity:494:11:494:Infinity":95,"s:493:6:494:Infinity":314,"s:493:36:493:Infinity":315,"s:494:11:494:Infinity":316,"b:495:6:495:Infinity:undefined:undefined:undefined:undefined":96,"s:495:6:495:Infinity":317,"s:495:35:495:Infinity":318,"s:497:4:497:Infinity":319,"s:498:4:498:Infinity":320,"s:500:19:507:Infinity":321,"f:500:19:500:25":60,"s:501:21:501:Infinity":322,"b:501:47:501:56:501:56:501:Infinity":97,"s:502:20:502:Infinity":323,"b:503:4:504:Infinity:504:9:504:Infinity":98,"s:503:4:504:Infinity":324,"s:503:34:503:Infinity":325,"s:504:9:504:Infinity":326,"b:505:4:505:Infinity:undefined:undefined:undefined:undefined":99,"s:505:4:505:Infinity":327,"s:505:33:505:Infinity":328,"s:506:4:506:Infinity":329,"s:508:18:517:Infinity":330,"f:508:18:508:24":61,"s:509:22:509:Infinity":331,"b:509:44:509:52:509:52:509:Infinity":100,"s:510:29:510:Infinity":332,"b:510:55:510:100:510:100:510:Infinity":101,"s:511:4:515:Infinity":333,"s:516:4:516:Infinity":334,"f:516:15:516:21":62,"s:516:23:516:83":335,"b:520:2:534:Infinity:undefined:undefined:undefined:undefined":102,"s:520:2:534:Infinity":336,"s:521:29:521:Infinity":337,"f:521:29:521:30":63,"s:521:51:521:74":338,"s:521:74:521:84":339,"s:521:84:521:108":340,"s:522:4:532:Infinity":341,"f:526:32:526:33":64,"s:526:43:526:266":342,"f:526:123:526:124":65,"s:526:130:526:167":343,"f:529:27:529:33":66,"s:529:33:529:50":344,"f:530:27:530:33":67,"s:530:33:530:67":345,"f:530:101:530:106":68,"s:530:106:530:125":346,"b:536:2:579:Infinity:undefined:undefined:undefined:undefined":103,"s:536:2:579:Infinity":347,"s:537:4:577:Infinity":348,"b:540:9:540:22:540:22:540:Infinity":104,"f:540:43:540:49":69,"s:540:49:540:70":349,"b:542:9:542:23:542:23:542:Infinity":105,"f:542:91:542:97":70,"s:542:97:542:118":350,"f:553:136:553:137":71,"s:553:143:553:196":351,"f:558:137:558:138":72,"s:558:144:558:198":352,"f:563:137:563:138":73,"s:563:144:563:198":353,"f:568:144:568:145":74,"s:568:151:568:212":354,"f:573:257:573:263":75,"s:573:263:573:317":355,"f:574:29:574:35":76,"s:574:35:574:55":356,"b:581:2:581:Infinity:undefined:undefined:undefined:undefined":106,"s:581:2:581:Infinity":357,"s:581:31:581:Infinity":358,"b:582:2:582:Infinity:undefined:undefined:undefined:undefined":107,"s:582:2:582:Infinity":359,"s:582:33:582:Infinity":360,"f:582:302:582:308":77,"s:582:308:582:338":361,"f:582:584:582:590":78,"s:582:590:582:622":362,"b:583:2:583:Infinity:undefined:undefined:undefined:undefined":108,"s:583:2:583:Infinity":363,"s:583:17:583:Infinity":364,"s:585:18:585:Infinity":365,"f:585:40:585:45":79,"s:585:45:585:76":366,"b:585:45:585:65:585:65:585:76":109,"s:586:19:586:Infinity":367,"f:586:41:586:46":80,"s:586:46:586:78":368,"b:586:46:586:67:586:67:586:78":110,"s:587:20:587:Infinity":369,"s:588:18:588:Infinity":370,"b:588:30:588:45:588:45:588:Infinity":111,"s:589:20:589:Infinity":371,"s:591:21:591:Infinity":372,"s:592:28:592:Infinity":373,"b:593:2:598:Infinity:undefined:undefined:undefined:undefined":112,"s:593:2:598:Infinity":374,"b:594:4:597:Infinity:597:11:597:Infinity":113,"s:594:4:597:Infinity":375,"b:595:6:596:Infinity:596:11:596:Infinity":114,"s:595:6:596:Infinity":376,"s:595:28:595:Infinity":377,"s:596:11:596:Infinity":378,"b:596:38:596:54:596:54:596:Infinity":115,"s:597:11:597:Infinity":379,"s:600:29:600:Infinity":380,"s:602:2:659:Infinity":381,"b:604:7:604:20:604:20:604:Infinity":116,"f:604:41:604:47":81,"s:604:47:604:68":382,"f:605:50:605:56":82,"s:605:56:605:79":383,"b:605:90:605:103:605:103:605:125":117,"f:609:147:609:153":83,"s:609:153:609:173":384,"b:611:112:611:126:611:126:611:177":118,"b:615:10:615:32:615:32:615:53:615:53:615:Infinity":119,"f:615:70:615:76":84,"s:615:76:615:98":385,"b:616:158:616:172:616:172:616:184":120,"b:616:312:616:326:616:326:616:338":121,"b:617:41:617:138:617:138:617:296":122,"b:617:206:617:221:617:221:617:234":123,"b:617:251:617:271:617:271:617:288":124,"b:621:9:621:32:621:32:621:Infinity:622:10:625:Infinity":125,"b:623:203:623:220:623:220:623:235":126,"b:623:276:623:288:623:288:623:298":127,"b:627:9:627:Infinity:628:10:628:Infinity":128,"b:628:247:628:269:628:269:628:361":129,"f:631:30:631:31":85,"s:632:12:632:Infinity":386,"f:632:149:632:155":86,"s:632:155:632:205":387,"b:632:178:632:199:632:199:632:205":130,"b:637:7:637:Infinity:638:8:648:Infinity":131,"b:639:11:639:41:639:41:639:78:639:78:639:Infinity:640:12:642:Infinity":132,"b:646:13:646:32:646:32:646:Infinity":133,"b:651:7:651:Infinity:652:8:657:Infinity":134,"b:654:232:654:249:654:249:654:264":135,"b:654:306:654:315:654:315:654:322":136}}}
,"C:\\Users\\juanw\\Documents\\codigo-secreto-party\\src\\firebase.js": {"path":"C:\\Users\\juanw\\Documents\\codigo-secreto-party\\src\\firebase.js","statementMap":{"0":{"start":{"line":10,"column":23},"end":{"line":19,"column":1}},"1":{"start":{"line":22,"column":11},"end":{"line":22,"column":41}},"2":{"start":{"line":23,"column":17},"end":{"line":23,"column":35}},"3":{"start":{"line":24,"column":17},"end":{"line":24,"column":34}}},"fnMap":{},"branchMap":{},"s":{"0":2,"1":2,"2":2,"3":2},"f":{},"b":{},"meta":{"lastBranch":0,"lastFunction":0,"lastStatement":4,"seen":{"s:10:23:19:1":0,"s:22:11:22:41":1,"s:23:17:23:35":2,"s:24:17:24:34":3}}}
,"C:\\Users\\juanw\\Documents\\codigo-secreto-party\\src\\utils.js": {"path":"C:\\Users\\juanw\\Documents\\codigo-secreto-party\\src\\utils.js","statementMap":{"0":{"start":{"line":1,"column":16},"end":{"line":9,"column":1}},"1":{"start":{"line":2,"column":21},"end":{"line":2,"column":33}},"2":{"start":{"line":3,"column":2},"end":{"line":7,"column":3}},"3":{"start":{"line":4,"column":4},"end":{"line":4,"column":59}},"4":{"start":{"line":5,"column":4},"end":{"line":5,"column":19}},"5":{"start":{"line":6,"column":4},"end":{"line":6,"column":90}},"6":{"start":{"line":8,"column":2},"end":{"line":8,"column":15}},"7":{"start":{"line":11,"column":23},"end":{"line":13,"column":1}},"8":{"start":{"line":16,"column":29},"end":{"line":44,"column":1}},"9":{"start":{"line":19,"column":2},"end":{"line":25,"column":3}},"10":{"start":{"line":20,"column":4},"end":{"line":20,"column":46}},"11":{"start":{"line":22,"column":19},"end":{"line":22,"column":33}},"12":{"start":{"line":23,"column":24},"end":{"line":23,"column":44}},"13":{"start":{"line":24,"column":4},"end":{"line":24,"column":45}},"14":{"start":{"line":26,"column":19},"end":{"line":26,"column":49}},"15":{"start":{"line":27,"column":20},"end":{"line":27,"column":51}},"16":{"start":{"line":29,"column":16},"end":{"line":34,"column":3}},"17":{"start":{"line":36,"column":24},"end":{"line":36,"column":38}},"18":{"start":{"line":38,"column":2},"end":{"line":43,"column":6}},"19":{"start":{"line":38,"column":45},"end":{"line":43,"column":3}}},"fnMap":{"0":{"name":"(anonymous_0)","decl":{"start":{"line":1,"column":16},"end":{"line":1,"column":17}},"loc":{"start":{"line":1,"column":27},"end":{"line":9,"column":1}},"line":1},"1":{"name":"(anonymous_1)","decl":{"start":{"line":16,"column":29},"end":{"line":16,"column":30}},"loc":{"start":{"line":16,"column":75},"end":{"line":44,"column":1}},"line":16},"2":{"name":"(anonymous_2)","decl":{"start":{"line":38,"column":27},"end":{"line":38,"column":28}},"loc":{"start":{"line":38,"column":45},"end":{"line":43,"column":3}},"line":38}},"branchMap":{"0":{"loc":{"start":{"line":16,"column":30},"end":{"line":16,"column":50}},"type":"default-arg","locations":[{"start":{"line":16,"column":45},"end":{"line":16,"column":50}}],"line":16},"1":{"loc":{"start":{"line":16,"column":52},"end":{"line":16,"column":70}},"type":"default-arg","locations":[{"start":{"line":16,"column":66},"end":{"line":16,"column":70}}],"line":16},"2":{"loc":{"start":{"line":19,"column":2},"end":{"line":25,"column":3}},"type":"if","locations":[{"start":{"line":19,"column":2},"end":{"line":25,"column":3}},{"start":{"line":21,"column":9},"end":{"line":25,"column":3}}],"line":19},"3":{"loc":{"start":{"line":19,"column":6},"end":{"line":19,"column":46}},"type":"binary-expr","locations":[{"start":{"line":19,"column":6},"end":{"line":19,"column":17}},{"start":{"line":19,"column":21},"end":{"line":19,"column":46}}],"line":19},"4":{"loc":{"start":{"line":26,"column":19},"end":{"line":26,"column":49}},"type":"cond-expr","locations":[{"start":{"line":26,"column":44},"end":{"line":26,"column":45}},{"start":{"line":26,"column":48},"end":{"line":26,"column":49}}],"line":26},"5":{"loc":{"start":{"line":27,"column":20},"end":{"line":27,"column":51}},"type":"cond-expr","locations":[{"start":{"line":27,"column":46},"end":{"line":27,"column":47}},{"start":{"line":27,"column":50},"end":{"line":27,"column":51}}],"line":27}},"s":{"0":3,"1":8,"2":8,"3":1760,"4":1760,"5":1760,"6":8,"7":3,"8":3,"9":4,"10":0,"11":4,"12":4,"13":4,"14":4,"15":4,"16":4,"17":4,"18":4,"19":100},"f":{"0":8,"1":4,"2":100},"b":{"0":[4],"1":[4],"2":[0,4],"3":[4,0],"4":[3,1],"5":[1,3]},"meta":{"lastBranch":6,"lastFunction":3,"lastStatement":20,"seen":{"s:1:16:9:1":0,"f:1:16:1:17":0,"s:2:21:2:33":1,"s:3:2:7:3":2,"s:4:4:4:59":3,"s:5:4:5:19":4,"s:6:4:6:90":5,"s:8:2:8:15":6,"s:11:23:13:1":7,"s:16:29:44:1":8,"f:16:29:16:30":1,"b:16:45:16:50":0,"b:16:66:16:70":1,"b:19:2:25:3:21:9:25:3":2,"s:19:2:25:3":9,"b:19:6:19:17:19:21:19:46":3,"s:20:4:20:46":10,"s:22:19:22:33":11,"s:23:24:23:44":12,"s:24:4:24:45":13,"s:26:19:26:49":14,"b:26:44:26:45:26:48:26:49":4,"s:27:20:27:51":15,"b:27:46:27:47:27:50:27:51":5,"s:29:16:34:3":16,"s:36:24:36:38":17,"s:38:2:43:6":18,"f:38:27:38:28":2,"s:38:45:43:3":19}}}
}
