{"C:\\Users\\juanw\\Documents\\codigo-secreto-party\\src\\App.jsx": {"path":"C:\\Users\\juanw\\Documents\\codigo-secreto-party\\src\\App.jsx","statementMap":{"0":{"start":{"line":7,"column":24},"end":{"line":25,"column":null}},"1":{"start":{"line":8,"column":2},"end":{"line":24,"column":null}},"2":{"start":{"line":9,"column":10},"end":{"line":9,"column":null}},"3":{"start":{"line":10,"column":21},"end":{"line":10,"column":null}},"4":{"start":{"line":11,"column":4},"end":{"line":21,"column":null}},"5":{"start":{"line":12,"column":20},"end":{"line":12,"column":null}},"6":{"start":{"line":13,"column":18},"end":{"line":13,"column":null}},"7":{"start":{"line":14,"column":22},"end":{"line":14,"column":null}},"8":{"start":{"line":16,"column":6},"end":{"line":20,"column":null}},"9":{"start":{"line":17,"column":8},"end":{"line":19,"column":null}},"10":{"start":{"line":18,"column":10},"end":{"line":18,"column":null}},"11":{"start":{"line":23,"column":4},"end":{"line":23,"column":null}},"12":{"start":{"line":28,"column":20},"end":{"line":59,"column":null}},"13":{"start":{"line":29,"column":17},"end":{"line":35,"column":null}},"14":{"start":{"line":37,"column":20},"end":{"line":37,"column":null}},"15":{"start":{"line":38,"column":19},"end":{"line":38,"column":null}},"16":{"start":{"line":40,"column":2},"end":{"line":43,"column":null}},"17":{"start":{"line":40,"column":28},"end":{"line":40,"column":null}},"18":{"start":{"line":40,"column":67},"end":{"line":43,"column":null}},"19":{"start":{"line":41,"column":39},"end":{"line":41,"column":null}},"20":{"start":{"line":41,"column":58},"end":{"line":43,"column":null}},"21":{"start":{"line":42,"column":39},"end":{"line":42,"column":null}},"22":{"start":{"line":42,"column":103},"end":{"line":43,"column":null}},"23":{"start":{"line":43,"column":40},"end":{"line":43,"column":null}},"24":{"start":{"line":45,"column":18},"end":{"line":45,"column":null}},"25":{"start":{"line":47,"column":25},"end":{"line":47,"column":null}},"26":{"start":{"line":48,"column":24},"end":{"line":48,"column":null}},"27":{"start":{"line":49,"column":25},"end":{"line":49,"column":null}},"28":{"start":{"line":50,"column":21},"end":{"line":50,"column":null}},"29":{"start":{"line":52,"column":2},"end":{"line":57,"column":null}},"30":{"start":{"line":62,"column":18},"end":{"line":66,"column":null}},"31":{"start":{"line":63,"column":16},"end":{"line":63,"column":null}},"32":{"start":{"line":64,"column":2},"end":{"line":64,"column":null}},"33":{"start":{"line":65,"column":2},"end":{"line":65,"column":null}},"34":{"start":{"line":65,"column":26},"end":{"line":65,"column":61}},"35":{"start":{"line":69,"column":28},"end":{"line":168,"column":null}},"36":{"start":{"line":70,"column":8},"end":{"line":70,"column":null}},"37":{"start":{"line":71,"column":30},"end":{"line":71,"column":null}},"38":{"start":{"line":72,"column":28},"end":{"line":72,"column":null}},"39":{"start":{"line":73,"column":34},"end":{"line":73,"column":null}},"40":{"start":{"line":74,"column":44},"end":{"line":74,"column":null}},"41":{"start":{"line":76,"column":2},"end":{"line":87,"column":null}},"42":{"start":{"line":77,"column":4},"end":{"line":77,"column":null}},"43":{"start":{"line":78,"column":4},"end":{"line":78,"column":null}},"44":{"start":{"line":78,"column":54},"end":{"line":78,"column":null}},"45":{"start":{"line":79,"column":4},"end":{"line":86,"column":null}},"46":{"start":{"line":80,"column":6},"end":{"line":80,"column":null}},"47":{"start":{"line":81,"column":6},"end":{"line":81,"column":null}},"48":{"start":{"line":82,"column":6},"end":{"line":85,"column":null}},"49":{"start":{"line":83,"column":20},"end":{"line":83,"column":null}},"50":{"start":{"line":84,"column":8},"end":{"line":84,"column":null}},"51":{"start":{"line":89,"column":2},"end":{"line":95,"column":null}},"52":{"start":{"line":91,"column":4},"end":{"line":93,"column":null}},"53":{"start":{"line":92,"column":6},"end":{"line":92,"column":null}},"54":{"start":{"line":92,"column":35},"end":{"line":92,"column":66}},"55":{"start":{"line":92,"column":55},"end":{"line":92,"column":63}},"56":{"start":{"line":93,"column":4},"end":{"line":93,"column":null}},"57":{"start":{"line":93,"column":42},"end":{"line":93,"column":null}},"58":{"start":{"line":94,"column":4},"end":{"line":94,"column":null}},"59":{"start":{"line":94,"column":17},"end":{"line":94,"column":null}},"60":{"start":{"line":97,"column":30},"end":{"line":109,"column":null}},"61":{"start":{"line":98,"column":4},"end":{"line":98,"column":null}},"62":{"start":{"line":99,"column":4},"end":{"line":99,"column":null}},"63":{"start":{"line":100,"column":4},"end":{"line":100,"column":null}},"64":{"start":{"line":101,"column":4},"end":{"line":108,"column":null}},"65":{"start":{"line":102,"column":21},"end":{"line":102,"column":null}},"66":{"start":{"line":103,"column":6},"end":{"line":107,"column":null}},"67":{"start":{"line":104,"column":20},"end":{"line":104,"column":null}},"68":{"start":{"line":105,"column":8},"end":{"line":105,"column":null}},"69":{"start":{"line":106,"column":8},"end":{"line":106,"column":null}},"70":{"start":{"line":111,"column":24},"end":{"line":115,"column":null}},"71":{"start":{"line":112,"column":4},"end":{"line":112,"column":null}},"72":{"start":{"line":113,"column":4},"end":{"line":113,"column":null}},"73":{"start":{"line":114,"column":4},"end":{"line":114,"column":null}},"74":{"start":{"line":117,"column":25},"end":{"line":121,"column":null}},"75":{"start":{"line":118,"column":4},"end":{"line":118,"column":null}},"76":{"start":{"line":118,"column":28},"end":{"line":118,"column":null}},"77":{"start":{"line":119,"column":20},"end":{"line":119,"column":null}},"78":{"start":{"line":120,"column":4},"end":{"line":120,"column":null}},"79":{"start":{"line":123,"column":17},"end":{"line":129,"column":null}},"80":{"start":{"line":124,"column":19},"end":{"line":124,"column":null}},"81":{"start":{"line":125,"column":17},"end":{"line":125,"column":null}},"82":{"start":{"line":126,"column":20},"end":{"line":126,"column":null}},"83":{"start":{"line":127,"column":20},"end":{"line":127,"column":null}},"84":{"start":{"line":128,"column":4},"end":{"line":128,"column":null}},"85":{"start":{"line":130,"column":20},"end":{"line":135,"column":null}},"86":{"start":{"line":131,"column":4},"end":{"line":131,"column":null}},"87":{"start":{"line":131,"column":18},"end":{"line":131,"column":null}},"88":{"start":{"line":132,"column":21},"end":{"line":132,"column":null}},"89":{"start":{"line":133,"column":16},"end":{"line":133,"column":null}},"90":{"start":{"line":134,"column":4},"end":{"line":134,"column":23}},"91":{"start":{"line":134,"column":23},"end":{"line":134,"column":46}},"92":{"start":{"line":134,"column":46},"end":{"line":134,"column":63}},"93":{"start":{"line":134,"column":63},"end":{"line":134,"column":null}},"94":{"start":{"line":136,"column":15},"end":{"line":141,"column":null}},"95":{"start":{"line":137,"column":4},"end":{"line":137,"column":null}},"96":{"start":{"line":137,"column":18},"end":{"line":137,"column":null}},"97":{"start":{"line":138,"column":21},"end":{"line":138,"column":null}},"98":{"start":{"line":139,"column":16},"end":{"line":139,"column":null}},"99":{"start":{"line":140,"column":4},"end":{"line":140,"column":22}},"100":{"start":{"line":140,"column":22},"end":{"line":140,"column":36}},"101":{"start":{"line":140,"column":36},"end":{"line":140,"column":null}},"102":{"start":{"line":143,"column":2},"end":{"line":143,"column":null}},"103":{"start":{"line":143,"column":15},"end":{"line":143,"column":null}},"104":{"start":{"line":145,"column":2},"end":{"line":166,"column":null}},"105":{"start":{"line":147,"column":117},"end":{"line":147,"column":null}},"106":{"start":{"line":171,"column":21},"end":{"line":185,"column":null}},"107":{"start":{"line":172,"column":30},"end":{"line":172,"column":null}},"108":{"start":{"line":173,"column":2},"end":{"line":182,"column":null}},"109":{"start":{"line":174,"column":4},"end":{"line":174,"column":null}},"110":{"start":{"line":174,"column":18},"end":{"line":174,"column":null}},"111":{"start":{"line":175,"column":21},"end":{"line":180,"column":null}},"112":{"start":{"line":176,"column":18},"end":{"line":176,"column":null}},"113":{"start":{"line":177,"column":22},"end":{"line":177,"column":null}},"114":{"start":{"line":178,"column":24},"end":{"line":178,"column":null}},"115":{"start":{"line":179,"column":6},"end":{"line":179,"column":null}},"116":{"start":{"line":181,"column":4},"end":{"line":181,"column":null}},"117":{"start":{"line":181,"column":17},"end":{"line":181,"column":null}},"118":{"start":{"line":183,"column":21},"end":{"line":183,"column":null}},"119":{"start":{"line":183,"column":34},"end":{"line":183,"column":null}},"120":{"start":{"line":184,"column":2},"end":{"line":184,"column":null}},"121":{"start":{"line":188,"column":25},"end":{"line":195,"column":null}},"122":{"start":{"line":189,"column":2},"end":{"line":195,"column":null}},"123":{"start":{"line":198,"column":26},"end":{"line":247,"column":null}},"124":{"start":{"line":199,"column":2},"end":{"line":247,"column":null}},"125":{"start":{"line":200,"column":154},"end":{"line":200,"column":null}},"126":{"start":{"line":251,"column":27},"end":{"line":254,"column":null}},"127":{"start":{"line":252,"column":18},"end":{"line":252,"column":null}},"128":{"start":{"line":253,"column":2},"end":{"line":253,"column":null}},"129":{"start":{"line":253,"column":191},"end":{"line":253,"column":211}},"130":{"start":{"line":255,"column":17},"end":{"line":263,"column":null}},"131":{"start":{"line":256,"column":17},"end":{"line":256,"column":null}},"132":{"start":{"line":257,"column":24},"end":{"line":257,"column":null}},"133":{"start":{"line":258,"column":2},"end":{"line":261,"column":null}},"134":{"start":{"line":259,"column":21},"end":{"line":259,"column":null}},"135":{"start":{"line":259,"column":41},"end":{"line":259,"column":102}},"136":{"start":{"line":260,"column":4},"end":{"line":260,"column":null}},"137":{"start":{"line":260,"column":17},"end":{"line":260,"column":null}},"138":{"start":{"line":262,"column":2},"end":{"line":262,"column":null}}},"fnMap":{"0":{"name":"(anonymous_0)","decl":{"start":{"line":7,"column":24},"end":{"line":7,"column":36}},"loc":{"start":{"line":7,"column":36},"end":{"line":25,"column":null}},"line":7},"1":{"name":"(anonymous_1)","decl":{"start":{"line":28,"column":20},"end":{"line":28,"column":21}},"loc":{"start":{"line":28,"column":77},"end":{"line":59,"column":null}},"line":28},"2":{"name":"(anonymous_2)","decl":{"start":{"line":62,"column":18},"end":{"line":62,"column":19}},"loc":{"start":{"line":62,"column":28},"end":{"line":66,"column":null}},"line":62},"3":{"name":"(anonymous_3)","decl":{"start":{"line":65,"column":21},"end":{"line":65,"column":26}},"loc":{"start":{"line":65,"column":26},"end":{"line":65,"column":61}},"line":65},"4":{"name":"(anonymous_4)","decl":{"start":{"line":69,"column":28},"end":{"line":69,"column":29}},"loc":{"start":{"line":69,"column":89},"end":{"line":168,"column":null}},"line":69},"5":{"name":"(anonymous_5)","decl":{"start":{"line":76,"column":12},"end":{"line":76,"column":18}},"loc":{"start":{"line":76,"column":18},"end":{"line":87,"column":5}},"line":76},"6":{"name":"(anonymous_6)","decl":{"start":{"line":89,"column":12},"end":{"line":89,"column":18}},"loc":{"start":{"line":89,"column":18},"end":{"line":95,"column":5}},"line":89},"7":{"name":"(anonymous_7)","decl":{"start":{"line":92,"column":29},"end":{"line":92,"column":35}},"loc":{"start":{"line":92,"column":35},"end":{"line":92,"column":66}},"line":92},"8":{"name":"(anonymous_8)","decl":{"start":{"line":92,"column":47},"end":{"line":92,"column":55}},"loc":{"start":{"line":92,"column":55},"end":{"line":92,"column":63}},"line":92},"9":{"name":"(anonymous_9)","decl":{"start":{"line":94,"column":11},"end":{"line":94,"column":17}},"loc":{"start":{"line":94,"column":17},"end":{"line":94,"column":null}},"line":94},"10":{"name":"(anonymous_10)","decl":{"start":{"line":97,"column":30},"end":{"line":97,"column":36}},"loc":{"start":{"line":97,"column":36},"end":{"line":109,"column":null}},"line":97},"11":{"name":"(anonymous_11)","decl":{"start":{"line":101,"column":15},"end":{"line":101,"column":21}},"loc":{"start":{"line":101,"column":21},"end":{"line":108,"column":7}},"line":101},"12":{"name":"(anonymous_12)","decl":{"start":{"line":111,"column":24},"end":{"line":111,"column":30}},"loc":{"start":{"line":111,"column":30},"end":{"line":115,"column":null}},"line":111},"13":{"name":"(anonymous_13)","decl":{"start":{"line":117,"column":25},"end":{"line":117,"column":31}},"loc":{"start":{"line":117,"column":31},"end":{"line":121,"column":null}},"line":117},"14":{"name":"(anonymous_14)","decl":{"start":{"line":123,"column":17},"end":{"line":123,"column":18}},"loc":{"start":{"line":123,"column":24},"end":{"line":129,"column":null}},"line":123},"15":{"name":"(anonymous_15)","decl":{"start":{"line":130,"column":20},"end":{"line":130,"column":21}},"loc":{"start":{"line":130,"column":27},"end":{"line":135,"column":null}},"line":130},"16":{"name":"(anonymous_16)","decl":{"start":{"line":136,"column":15},"end":{"line":136,"column":16}},"loc":{"start":{"line":136,"column":22},"end":{"line":141,"column":null}},"line":136},"17":{"name":"(anonymous_17)","decl":{"start":{"line":147,"column":112},"end":{"line":147,"column":117}},"loc":{"start":{"line":147,"column":117},"end":{"line":147,"column":null}},"line":147},"18":{"name":"(anonymous_18)","decl":{"start":{"line":171,"column":21},"end":{"line":171,"column":22}},"loc":{"start":{"line":171,"column":68},"end":{"line":185,"column":null}},"line":171},"19":{"name":"(anonymous_19)","decl":{"start":{"line":173,"column":12},"end":{"line":173,"column":18}},"loc":{"start":{"line":173,"column":18},"end":{"line":182,"column":5}},"line":173},"20":{"name":"(anonymous_20)","decl":{"start":{"line":175,"column":33},"end":{"line":175,"column":39}},"loc":{"start":{"line":175,"column":39},"end":{"line":180,"column":7}},"line":175},"21":{"name":"(anonymous_21)","decl":{"start":{"line":181,"column":11},"end":{"line":181,"column":17}},"loc":{"start":{"line":181,"column":17},"end":{"line":181,"column":null}},"line":181},"22":{"name":"(anonymous_22)","decl":{"start":{"line":183,"column":21},"end":{"line":183,"column":22}},"loc":{"start":{"line":183,"column":34},"end":{"line":183,"column":null}},"line":183},"23":{"name":"(anonymous_23)","decl":{"start":{"line":188,"column":25},"end":{"line":188,"column":26}},"loc":{"start":{"line":189,"column":2},"end":{"line":195,"column":null}},"line":189},"24":{"name":"(anonymous_24)","decl":{"start":{"line":198,"column":26},"end":{"line":198,"column":27}},"loc":{"start":{"line":199,"column":2},"end":{"line":247,"column":null}},"line":199},"25":{"name":"(anonymous_25)","decl":{"start":{"line":200,"column":149},"end":{"line":200,"column":154}},"loc":{"start":{"line":200,"column":154},"end":{"line":200,"column":null}},"line":200},"26":{"name":"(anonymous_26)","decl":{"start":{"line":251,"column":27},"end":{"line":251,"column":33}},"loc":{"start":{"line":251,"column":33},"end":{"line":254,"column":null}},"line":251},"27":{"name":"(anonymous_27)","decl":{"start":{"line":253,"column":181},"end":{"line":253,"column":182}},"loc":{"start":{"line":253,"column":191},"end":{"line":253,"column":211}},"line":253},"28":{"name":"(anonymous_28)","decl":{"start":{"line":255,"column":17},"end":{"line":255,"column":23}},"loc":{"start":{"line":255,"column":23},"end":{"line":263,"column":null}},"line":255},"29":{"name":"(anonymous_29)","decl":{"start":{"line":258,"column":12},"end":{"line":258,"column":18}},"loc":{"start":{"line":258,"column":18},"end":{"line":261,"column":5}},"line":258},"30":{"name":"(anonymous_30)","decl":{"start":{"line":259,"column":33},"end":{"line":259,"column":39}},"loc":{"start":{"line":259,"column":39},"end":{"line":259,"column":105}},"line":259},"31":{"name":"(anonymous_31)","decl":{"start":{"line":260,"column":11},"end":{"line":260,"column":17}},"loc":{"start":{"line":260,"column":17},"end":{"line":260,"column":null}},"line":260}},"branchMap":{"0":{"loc":{"start":{"line":11,"column":4},"end":{"line":21,"column":null}},"type":"if","locations":[{"start":{"line":11,"column":4},"end":{"line":21,"column":null}},{"start":{},"end":{}}],"line":11},"1":{"loc":{"start":{"line":17,"column":8},"end":{"line":19,"column":null}},"type":"if","locations":[{"start":{"line":17,"column":8},"end":{"line":19,"column":null}},{"start":{},"end":{}}],"line":17},"2":{"loc":{"start":{"line":17,"column":12},"end":{"line":17,"column":72}},"type":"binary-expr","locations":[{"start":{"line":17,"column":12},"end":{"line":17,"column":35}},{"start":{"line":17,"column":35},"end":{"line":17,"column":72}}],"line":17},"3":{"loc":{"start":{"line":40,"column":2},"end":{"line":43,"column":null}},"type":"if","locations":[{"start":{"line":40,"column":2},"end":{"line":43,"column":null}},{"start":{"line":40,"column":67},"end":{"line":43,"column":null}}],"line":40},"4":{"loc":{"start":{"line":40,"column":42},"end":{"line":40,"column":null}},"type":"cond-expr","locations":[{"start":{"line":40,"column":55},"end":{"line":40,"column":67}},{"start":{"line":40,"column":67},"end":{"line":40,"column":null}}],"line":40},"5":{"loc":{"start":{"line":40,"column":67},"end":{"line":43,"column":null}},"type":"if","locations":[{"start":{"line":40,"column":67},"end":{"line":43,"column":null}},{"start":{"line":41,"column":58},"end":{"line":43,"column":null}}],"line":40},"6":{"loc":{"start":{"line":41,"column":58},"end":{"line":43,"column":null}},"type":"if","locations":[{"start":{"line":41,"column":58},"end":{"line":43,"column":null}},{"start":{"line":42,"column":103},"end":{"line":43,"column":null}}],"line":41},"7":{"loc":{"start":{"line":42,"column":54},"end":{"line":42,"column":null}},"type":"cond-expr","locations":[{"start":{"line":42,"column":91},"end":{"line":42,"column":103}},{"start":{"line":42,"column":103},"end":{"line":42,"column":null}}],"line":42},"8":{"loc":{"start":{"line":42,"column":54},"end":{"line":42,"column":91}},"type":"binary-expr","locations":[{"start":{"line":42,"column":54},"end":{"line":42,"column":68}},{"start":{"line":42,"column":68},"end":{"line":42,"column":91}}],"line":42},"9":{"loc":{"start":{"line":42,"column":103},"end":{"line":43,"column":null}},"type":"if","locations":[{"start":{"line":42,"column":103},"end":{"line":43,"column":null}},{"start":{},"end":{}}],"line":42},"10":{"loc":{"start":{"line":43,"column":55},"end":{"line":43,"column":null}},"type":"cond-expr","locations":[{"start":{"line":43,"column":93},"end":{"line":43,"column":105}},{"start":{"line":43,"column":105},"end":{"line":43,"column":null}}],"line":43},"11":{"loc":{"start":{"line":43,"column":55},"end":{"line":43,"column":93}},"type":"binary-expr","locations":[{"start":{"line":43,"column":55},"end":{"line":43,"column":69}},{"start":{"line":43,"column":69},"end":{"line":43,"column":93}}],"line":43},"12":{"loc":{"start":{"line":47,"column":25},"end":{"line":47,"column":null}},"type":"cond-expr","locations":[{"start":{"line":47,"column":38},"end":{"line":47,"column":80}},{"start":{"line":47,"column":80},"end":{"line":47,"column":null}}],"line":47},"13":{"loc":{"start":{"line":48,"column":24},"end":{"line":48,"column":null}},"type":"cond-expr","locations":[{"start":{"line":48,"column":37},"end":{"line":48,"column":111}},{"start":{"line":48,"column":111},"end":{"line":48,"column":null}}],"line":48},"14":{"loc":{"start":{"line":49,"column":25},"end":{"line":49,"column":null}},"type":"cond-expr","locations":[{"start":{"line":49,"column":54},"end":{"line":49,"column":107}},{"start":{"line":49,"column":107},"end":{"line":49,"column":null}}],"line":49},"15":{"loc":{"start":{"line":49,"column":25},"end":{"line":49,"column":54}},"type":"binary-expr","locations":[{"start":{"line":49,"column":25},"end":{"line":49,"column":39}},{"start":{"line":49,"column":39},"end":{"line":49,"column":54}}],"line":49},"16":{"loc":{"start":{"line":50,"column":21},"end":{"line":50,"column":null}},"type":"binary-expr","locations":[{"start":{"line":50,"column":21},"end":{"line":50,"column":44}},{"start":{"line":50,"column":44},"end":{"line":50,"column":null}}],"line":50},"17":{"loc":{"start":{"line":55,"column":7},"end":{"line":55,"column":null}},"type":"binary-expr","locations":[{"start":{"line":55,"column":7},"end":{"line":55,"column":21}},{"start":{"line":55,"column":21},"end":{"line":55,"column":null}}],"line":55},"18":{"loc":{"start":{"line":56,"column":8},"end":{"line":56,"column":null}},"type":"binary-expr","locations":[{"start":{"line":56,"column":8},"end":{"line":56,"column":22}},{"start":{"line":56,"column":22},"end":{"line":56,"column":38}},{"start":{"line":56,"column":38},"end":{"line":56,"column":null}}],"line":56},"19":{"loc":{"start":{"line":78,"column":4},"end":{"line":78,"column":null}},"type":"if","locations":[{"start":{"line":78,"column":4},"end":{"line":78,"column":null}},{"start":{},"end":{}}],"line":78},"20":{"loc":{"start":{"line":78,"column":8},"end":{"line":78,"column":54}},"type":"binary-expr","locations":[{"start":{"line":78,"column":8},"end":{"line":78,"column":25}},{"start":{"line":78,"column":25},"end":{"line":78,"column":37}},{"start":{"line":78,"column":37},"end":{"line":78,"column":54}}],"line":78},"21":{"loc":{"start":{"line":79,"column":4},"end":{"line":86,"column":null}},"type":"if","locations":[{"start":{"line":79,"column":4},"end":{"line":86,"column":null}},{"start":{},"end":{}}],"line":79},"22":{"loc":{"start":{"line":82,"column":6},"end":{"line":85,"column":null}},"type":"if","locations":[{"start":{"line":82,"column":6},"end":{"line":85,"column":null}},{"start":{},"end":{}}],"line":82},"23":{"loc":{"start":{"line":91,"column":4},"end":{"line":93,"column":null}},"type":"if","locations":[{"start":{"line":91,"column":4},"end":{"line":93,"column":null}},{"start":{"line":93,"column":4},"end":{"line":93,"column":null}}],"line":91},"24":{"loc":{"start":{"line":91,"column":8},"end":{"line":91,"column":46}},"type":"binary-expr","locations":[{"start":{"line":91,"column":8},"end":{"line":91,"column":21}},{"start":{"line":91,"column":21},"end":{"line":91,"column":32}},{"start":{"line":91,"column":32},"end":{"line":91,"column":46}}],"line":91},"25":{"loc":{"start":{"line":93,"column":4},"end":{"line":93,"column":null}},"type":"if","locations":[{"start":{"line":93,"column":4},"end":{"line":93,"column":null}},{"start":{},"end":{}}],"line":93},"26":{"loc":{"start":{"line":93,"column":15},"end":{"line":93,"column":42}},"type":"binary-expr","locations":[{"start":{"line":93,"column":15},"end":{"line":93,"column":33}},{"start":{"line":93,"column":33},"end":{"line":93,"column":42}}],"line":93},"27":{"loc":{"start":{"line":103,"column":6},"end":{"line":107,"column":null}},"type":"if","locations":[{"start":{"line":103,"column":6},"end":{"line":107,"column":null}},{"start":{},"end":{}}],"line":103},"28":{"loc":{"start":{"line":118,"column":4},"end":{"line":118,"column":null}},"type":"if","locations":[{"start":{"line":118,"column":4},"end":{"line":118,"column":null}},{"start":{},"end":{}}],"line":118},"29":{"loc":{"start":{"line":126,"column":20},"end":{"line":126,"column":null}},"type":"cond-expr","locations":[{"start":{"line":126,"column":32},"end":{"line":126,"column":55}},{"start":{"line":126,"column":55},"end":{"line":126,"column":null}}],"line":126},"30":{"loc":{"start":{"line":127,"column":20},"end":{"line":127,"column":null}},"type":"cond-expr","locations":[{"start":{"line":127,"column":32},"end":{"line":127,"column":55}},{"start":{"line":127,"column":55},"end":{"line":127,"column":null}}],"line":127},"31":{"loc":{"start":{"line":131,"column":4},"end":{"line":131,"column":null}},"type":"if","locations":[{"start":{"line":131,"column":4},"end":{"line":131,"column":null}},{"start":{},"end":{}}],"line":131},"32":{"loc":{"start":{"line":137,"column":4},"end":{"line":137,"column":null}},"type":"if","locations":[{"start":{"line":137,"column":4},"end":{"line":137,"column":null}},{"start":{},"end":{}}],"line":137},"33":{"loc":{"start":{"line":143,"column":2},"end":{"line":143,"column":null}},"type":"if","locations":[{"start":{"line":143,"column":2},"end":{"line":143,"column":null}},{"start":{},"end":{}}],"line":143},"34":{"loc":{"start":{"line":151,"column":11},"end":{"line":157,"column":null}},"type":"cond-expr","locations":[{"start":{"line":152,"column":12},"end":{"line":155,"column":null}},{"start":{"line":157,"column":12},"end":{"line":157,"column":null}}],"line":151},"35":{"loc":{"start":{"line":151,"column":11},"end":{"line":151,"column":null}},"type":"binary-expr","locations":[{"start":{"line":151,"column":11},"end":{"line":151,"column":24}},{"start":{"line":151,"column":24},"end":{"line":151,"column":null}}],"line":151},"36":{"loc":{"start":{"line":157,"column":12},"end":{"line":157,"column":null}},"type":"cond-expr","locations":[{"start":{"line":157,"column":25},"end":{"line":157,"column":106}},{"start":{"line":157,"column":106},"end":{"line":157,"column":null}}],"line":157},"37":{"loc":{"start":{"line":160,"column":9},"end":{"line":164,"column":null}},"type":"cond-expr","locations":[{"start":{"line":161,"column":10},"end":{"line":163,"column":null}},{"start":{"line":164,"column":12},"end":{"line":164,"column":null}}],"line":160},"38":{"loc":{"start":{"line":161,"column":10},"end":{"line":163,"column":null}},"type":"cond-expr","locations":[{"start":{"line":161,"column":41},"end":{"line":161,"column":null}},{"start":{"line":162,"column":12},"end":{"line":163,"column":null}}],"line":161},"39":{"loc":{"start":{"line":161,"column":10},"end":{"line":161,"column":41}},"type":"binary-expr","locations":[{"start":{"line":161,"column":10},"end":{"line":161,"column":30}},{"start":{"line":161,"column":30},"end":{"line":161,"column":41}}],"line":161},"40":{"loc":{"start":{"line":162,"column":12},"end":{"line":163,"column":null}},"type":"cond-expr","locations":[{"start":{"line":162,"column":22},"end":{"line":162,"column":null}},{"start":{"line":163,"column":14},"end":{"line":163,"column":null}}],"line":162},"41":{"loc":{"start":{"line":174,"column":4},"end":{"line":174,"column":null}},"type":"if","locations":[{"start":{"line":174,"column":4},"end":{"line":174,"column":null}},{"start":{},"end":{}}],"line":174},"42":{"loc":{"start":{"line":179,"column":18},"end":{"line":179,"column":47}},"type":"cond-expr","locations":[{"start":{"line":179,"column":34},"end":{"line":179,"column":46}},{"start":{"line":179,"column":46},"end":{"line":179,"column":47}}],"line":179},"43":{"loc":{"start":{"line":183,"column":66},"end":{"line":183,"column":95}},"type":"cond-expr","locations":[{"start":{"line":183,"column":87},"end":{"line":183,"column":93}},{"start":{"line":183,"column":93},"end":{"line":183,"column":95}}],"line":183},"44":{"loc":{"start":{"line":184,"column":98},"end":{"line":184,"column":169}},"type":"cond-expr","locations":[{"start":{"line":184,"column":127},"end":{"line":184,"column":156}},{"start":{"line":184,"column":156},"end":{"line":184,"column":169}}],"line":184},"45":{"loc":{"start":{"line":184,"column":98},"end":{"line":184,"column":127}},"type":"binary-expr","locations":[{"start":{"line":184,"column":98},"end":{"line":184,"column":115}},{"start":{"line":184,"column":115},"end":{"line":184,"column":127}}],"line":184},"46":{"loc":{"start":{"line":184,"column":174},"end":{"line":184,"column":266}},"type":"cond-expr","locations":[{"start":{"line":184,"column":185},"end":{"line":184,"column":238}},{"start":{"line":184,"column":238},"end":{"line":184,"column":266}}],"line":184}},"s":{"0":3,"1":0,"2":0,"3":0,"4":0,"5":0,"6":0,"7":0,"8":0,"9":0,"10":0,"11":0,"12":3,"13":6,"14":6,"15":6,"16":6,"17":5,"18":1,"19":1,"20":0,"21":0,"22":0,"23":0,"24":6,"25":6,"26":6,"27":6,"28":6,"29":6,"30":3,"31":0,"32":0,"33":0,"34":0,"35":3,"36":0,"37":0,"38":0,"39":0,"40":0,"41":0,"42":0,"43":0,"44":0,"45":0,"46":0,"47":0,"48":0,"49":0,"50":0,"51":0,"52":0,"53":0,"54":0,"55":0,"56":0,"57":0,"58":0,"59":0,"60":0,"61":0,"62":0,"63":0,"64":0,"65":0,"66":0,"67":0,"68":0,"69":0,"70":0,"71":0,"72":0,"73":0,"74":0,"75":0,"76":0,"77":0,"78":0,"79":0,"80":0,"81":0,"82":0,"83":0,"84":0,"85":0,"86":0,"87":0,"88":0,"89":0,"90":0,"91":0,"92":0,"93":0,"94":0,"95":0,"96":0,"97":0,"98":0,"99":0,"100":0,"101":0,"102":0,"103":0,"104":0,"105":0,"106":3,"107":3,"108":3,"109":2,"110":0,"111":2,"112":10,"113":10,"114":10,"115":10,"116":2,"117":2,"118":3,"119":3,"120":3,"121":3,"122":1,"123":3,"124":2,"125":1,"126":3,"127":0,"128":0,"129":0,"130":3,"131":0,"132":0,"133":0,"134":0,"135":0,"136":0,"137":0,"138":0},"f":{"0":0,"1":6,"2":0,"3":0,"4":0,"5":0,"6":0,"7":0,"8":0,"9":0,"10":0,"11":0,"12":0,"13":0,"14":0,"15":0,"16":0,"17":0,"18":3,"19":2,"20":10,"21":2,"22":3,"23":1,"24":2,"25":1,"26":0,"27":0,"28":0,"29":0,"30":0,"31":0},"b":{"0":[0,0],"1":[0,0],"2":[0,0],"3":[5,1],"4":[1,4],"5":[1,0],"6":[0,0],"7":[0,0],"8":[0,0],"9":[0,0],"10":[0,0],"11":[0,0],"12":[0,6],"13":[1,5],"14":[0,6],"15":[6,0],"16":[6,0],"17":[6,1],"18":[6,0,0],"19":[0,0],"20":[0,0,0],"21":[0,0],"22":[0,0],"23":[0,0],"24":[0,0,0],"25":[0,0],"26":[0,0],"27":[0,0],"28":[0,0],"29":[0,0],"30":[0,0],"31":[0,0],"32":[0,0],"33":[0,0],"34":[0,0],"35":[0,0],"36":[0,0],"37":[0,0],"38":[0,0],"39":[0,0],"40":[0,0],"41":[0,2],"42":[10,0],"43":[2,1],"44":[0,3],"45":[3,0],"46":[0,3]},"meta":{"lastBranch":47,"lastFunction":32,"lastStatement":139,"seen":{"s:7:24:25:Infinity":0,"f:7:24:7:36":0,"s:8:2:24:Infinity":1,"s:9:10:9:Infinity":2,"s:10:21:10:Infinity":3,"b:11:4:21:Infinity:undefined:undefined:undefined:undefined":0,"s:11:4:21:Infinity":4,"s:12:20:12:Infinity":5,"s:13:18:13:Infinity":6,"s:14:22:14:Infinity":7,"s:16:6:20:Infinity":8,"b:17:8:19:Infinity:undefined:undefined:undefined:undefined":1,"s:17:8:19:Infinity":9,"b:17:12:17:35:17:35:17:72":2,"s:18:10:18:Infinity":10,"s:23:4:23:Infinity":11,"s:28:20:59:Infinity":12,"f:28:20:28:21":1,"s:29:17:35:Infinity":13,"s:37:20:37:Infinity":14,"s:38:19:38:Infinity":15,"b:40:2:43:Infinity:40:67:43:Infinity":3,"s:40:2:43:Infinity":16,"s:40:28:40:Infinity":17,"b:40:55:40:67:40:67:40:Infinity":4,"b:40:67:43:Infinity:41:58:43:Infinity":5,"s:40:67:43:Infinity":18,"s:41:39:41:Infinity":19,"b:41:58:43:Infinity:42:103:43:Infinity":6,"s:41:58:43:Infinity":20,"s:42:39:42:Infinity":21,"b:42:91:42:103:42:103:42:Infinity":7,"b:42:54:42:68:42:68:42:91":8,"b:42:103:43:Infinity:undefined:undefined:undefined:undefined":9,"s:42:103:43:Infinity":22,"s:43:40:43:Infinity":23,"b:43:93:43:105:43:105:43:Infinity":10,"b:43:55:43:69:43:69:43:93":11,"s:45:18:45:Infinity":24,"s:47:25:47:Infinity":25,"b:47:38:47:80:47:80:47:Infinity":12,"s:48:24:48:Infinity":26,"b:48:37:48:111:48:111:48:Infinity":13,"s:49:25:49:Infinity":27,"b:49:54:49:107:49:107:49:Infinity":14,"b:49:25:49:39:49:39:49:54":15,"s:50:21:50:Infinity":28,"b:50:21:50:44:50:44:50:Infinity":16,"s:52:2:57:Infinity":29,"b:55:7:55:21:55:21:55:Infinity":17,"b:56:8:56:22:56:22:56:38:56:38:56:Infinity":18,"s:62:18:66:Infinity":30,"f:62:18:62:19":2,"s:63:16:63:Infinity":31,"s:64:2:64:Infinity":32,"s:65:2:65:Infinity":33,"f:65:21:65:26":3,"s:65:26:65:61":34,"s:69:28:168:Infinity":35,"f:69:28:69:29":4,"s:70:8:70:Infinity":36,"s:71:30:71:Infinity":37,"s:72:28:72:Infinity":38,"s:73:34:73:Infinity":39,"s:74:44:74:Infinity":40,"s:76:2:87:Infinity":41,"f:76:12:76:18":5,"s:77:4:77:Infinity":42,"b:78:4:78:Infinity:undefined:undefined:undefined:undefined":19,"s:78:4:78:Infinity":43,"b:78:8:78:25:78:25:78:37:78:37:78:54":20,"s:78:54:78:Infinity":44,"b:79:4:86:Infinity:undefined:undefined:undefined:undefined":21,"s:79:4:86:Infinity":45,"s:80:6:80:Infinity":46,"s:81:6:81:Infinity":47,"b:82:6:85:Infinity:undefined:undefined:undefined:undefined":22,"s:82:6:85:Infinity":48,"s:83:20:83:Infinity":49,"s:84:8:84:Infinity":50,"s:89:2:95:Infinity":51,"f:89:12:89:18":6,"b:91:4:93:Infinity:93:4:93:Infinity":23,"s:91:4:93:Infinity":52,"b:91:8:91:21:91:21:91:32:91:32:91:46":24,"s:92:6:92:Infinity":53,"f:92:29:92:35":7,"s:92:35:92:66":54,"f:92:47:92:55":8,"s:92:55:92:63":55,"b:93:4:93:Infinity:undefined:undefined:undefined:undefined":25,"s:93:4:93:Infinity":56,"b:93:15:93:33:93:33:93:42":26,"s:93:42:93:Infinity":57,"s:94:4:94:Infinity":58,"f:94:11:94:17":9,"s:94:17:94:Infinity":59,"s:97:30:109:Infinity":60,"f:97:30:97:36":10,"s:98:4:98:Infinity":61,"s:99:4:99:Infinity":62,"s:100:4:100:Infinity":63,"s:101:4:108:Infinity":64,"f:101:15:101:21":11,"s:102:21:102:Infinity":65,"b:103:6:107:Infinity:undefined:undefined:undefined:undefined":27,"s:103:6:107:Infinity":66,"s:104:20:104:Infinity":67,"s:105:8:105:Infinity":68,"s:106:8:106:Infinity":69,"s:111:24:115:Infinity":70,"f:111:24:111:30":12,"s:112:4:112:Infinity":71,"s:113:4:113:Infinity":72,"s:114:4:114:Infinity":73,"s:117:25:121:Infinity":74,"f:117:25:117:31":13,"b:118:4:118:Infinity:undefined:undefined:undefined:undefined":28,"s:118:4:118:Infinity":75,"s:118:28:118:Infinity":76,"s:119:20:119:Infinity":77,"s:120:4:120:Infinity":78,"s:123:17:129:Infinity":79,"f:123:17:123:18":14,"s:124:19:124:Infinity":80,"s:125:17:125:Infinity":81,"s:126:20:126:Infinity":82,"b:126:32:126:55:126:55:126:Infinity":29,"s:127:20:127:Infinity":83,"b:127:32:127:55:127:55:127:Infinity":30,"s:128:4:128:Infinity":84,"s:130:20:135:Infinity":85,"f:130:20:130:21":15,"b:131:4:131:Infinity:undefined:undefined:undefined:undefined":31,"s:131:4:131:Infinity":86,"s:131:18:131:Infinity":87,"s:132:21:132:Infinity":88,"s:133:16:133:Infinity":89,"s:134:4:134:23":90,"s:134:23:134:46":91,"s:134:46:134:63":92,"s:134:63:134:Infinity":93,"s:136:15:141:Infinity":94,"f:136:15:136:16":16,"b:137:4:137:Infinity:undefined:undefined:undefined:undefined":32,"s:137:4:137:Infinity":95,"s:137:18:137:Infinity":96,"s:138:21:138:Infinity":97,"s:139:16:139:Infinity":98,"s:140:4:140:22":99,"s:140:22:140:36":100,"s:140:36:140:Infinity":101,"b:143:2:143:Infinity:undefined:undefined:undefined:undefined":33,"s:143:2:143:Infinity":102,"s:143:15:143:Infinity":103,"s:145:2:166:Infinity":104,"f:147:112:147:117":17,"s:147:117:147:Infinity":105,"b:152:12:155:Infinity:157:12:157:Infinity":34,"b:151:11:151:24:151:24:151:Infinity":35,"b:157:25:157:106:157:106:157:Infinity":36,"b:161:10:163:Infinity:164:12:164:Infinity":37,"b:161:41:161:Infinity:162:12:163:Infinity":38,"b:161:10:161:30:161:30:161:41":39,"b:162:22:162:Infinity:163:14:163:Infinity":40,"s:171:21:185:Infinity":106,"f:171:21:171:22":18,"s:172:30:172:Infinity":107,"s:173:2:182:Infinity":108,"f:173:12:173:18":19,"b:174:4:174:Infinity:undefined:undefined:undefined:undefined":41,"s:174:4:174:Infinity":109,"s:174:18:174:Infinity":110,"s:175:21:180:Infinity":111,"f:175:33:175:39":20,"s:176:18:176:Infinity":112,"s:177:22:177:Infinity":113,"s:178:24:178:Infinity":114,"s:179:6:179:Infinity":115,"b:179:34:179:46:179:46:179:47":42,"s:181:4:181:Infinity":116,"f:181:11:181:17":21,"s:181:17:181:Infinity":117,"s:183:21:183:Infinity":118,"f:183:21:183:22":22,"s:183:34:183:Infinity":119,"b:183:87:183:93:183:93:183:95":43,"s:184:2:184:Infinity":120,"b:184:127:184:156:184:156:184:169":44,"b:184:98:184:115:184:115:184:127":45,"b:184:185:184:238:184:238:184:266":46,"s:188:25:195:Infinity":121,"f:188:25:188:26":23,"s:189:2:195:Infinity":122,"s:198:26:247:Infinity":123,"f:198:26:198:27":24,"s:199:2:247:Infinity":124,"f:200:149:200:154":25,"s:200:154:200:Infinity":125,"s:251:27:254:Infinity":126,"f:251:27:251:33":26,"s:252:18:252:Infinity":127,"s:253:2:253:Infinity":128,"f:253:181:253:182":27,"s:253:191:253:211":129,"s:255:17:263:Infinity":130,"f:255:17:255:23":28,"s:256:17:256:Infinity":131,"s:257:24:257:Infinity":132,"s:258:2:261:Infinity":133,"f:258:12:258:18":29,"s:259:21:259:Infinity":134,"f:259:33:259:39":30,"s:259:41:259:102":135,"s:260:4:260:Infinity":136,"f:260:11:260:17":31,"s:260:17:260:Infinity":137,"s:262:2:262:Infinity":138}}}
,"C:\\Users\\juanw\\Documents\\codigo-secreto-party\\src\\firebase.js": {"path":"C:\\Users\\juanw\\Documents\\codigo-secreto-party\\src\\firebase.js","statementMap":{"0":{"start":{"line":10,"column":23},"end":{"line":19,"column":1}},"1":{"start":{"line":22,"column":11},"end":{"line":22,"column":41}},"2":{"start":{"line":23,"column":17},"end":{"line":23,"column":35}},"3":{"start":{"line":24,"column":17},"end":{"line":24,"column":34}}},"fnMap":{},"branchMap":{},"s":{"0":3,"1":3,"2":3,"3":3},"f":{},"b":{},"meta":{"lastBranch":0,"lastFunction":0,"lastStatement":4,"seen":{"s:10:23:19:1":0,"s:22:11:22:41":1,"s:23:17:23:35":2,"s:24:17:24:34":3}}}
,"C:\\Users\\juanw\\Documents\\codigo-secreto-party\\src\\utils.js": {"path":"C:\\Users\\juanw\\Documents\\codigo-secreto-party\\src\\utils.js","statementMap":{"0":{"start":{"line":1,"column":16},"end":{"line":9,"column":1}},"1":{"start":{"line":2,"column":21},"end":{"line":2,"column":33}},"2":{"start":{"line":3,"column":2},"end":{"line":7,"column":3}},"3":{"start":{"line":4,"column":4},"end":{"line":4,"column":59}},"4":{"start":{"line":5,"column":4},"end":{"line":5,"column":19}},"5":{"start":{"line":6,"column":4},"end":{"line":6,"column":90}},"6":{"start":{"line":8,"column":2},"end":{"line":8,"column":15}},"7":{"start":{"line":11,"column":23},"end":{"line":13,"column":1}},"8":{"start":{"line":16,"column":29},"end":{"line":44,"column":1}},"9":{"start":{"line":19,"column":2},"end":{"line":25,"column":3}},"10":{"start":{"line":20,"column":4},"end":{"line":20,"column":46}},"11":{"start":{"line":22,"column":19},"end":{"line":22,"column":33}},"12":{"start":{"line":23,"column":24},"end":{"line":23,"column":44}},"13":{"start":{"line":24,"column":4},"end":{"line":24,"column":45}},"14":{"start":{"line":26,"column":19},"end":{"line":26,"column":49}},"15":{"start":{"line":27,"column":20},"end":{"line":27,"column":51}},"16":{"start":{"line":29,"column":16},"end":{"line":34,"column":3}},"17":{"start":{"line":36,"column":24},"end":{"line":36,"column":38}},"18":{"start":{"line":38,"column":2},"end":{"line":43,"column":6}},"19":{"start":{"line":38,"column":45},"end":{"line":43,"column":3}}},"fnMap":{"0":{"name":"(anonymous_0)","decl":{"start":{"line":1,"column":16},"end":{"line":1,"column":17}},"loc":{"start":{"line":1,"column":27},"end":{"line":9,"column":1}},"line":1},"1":{"name":"(anonymous_1)","decl":{"start":{"line":16,"column":29},"end":{"line":16,"column":30}},"loc":{"start":{"line":16,"column":75},"end":{"line":44,"column":1}},"line":16},"2":{"name":"(anonymous_2)","decl":{"start":{"line":38,"column":27},"end":{"line":38,"column":28}},"loc":{"start":{"line":38,"column":45},"end":{"line":43,"column":3}},"line":38}},"branchMap":{"0":{"loc":{"start":{"line":16,"column":30},"end":{"line":16,"column":50}},"type":"default-arg","locations":[{"start":{"line":16,"column":45},"end":{"line":16,"column":50}}],"line":16},"1":{"loc":{"start":{"line":16,"column":52},"end":{"line":16,"column":70}},"type":"default-arg","locations":[{"start":{"line":16,"column":66},"end":{"line":16,"column":70}}],"line":16},"2":{"loc":{"start":{"line":19,"column":2},"end":{"line":25,"column":3}},"type":"if","locations":[{"start":{"line":19,"column":2},"end":{"line":25,"column":3}},{"start":{"line":21,"column":9},"end":{"line":25,"column":3}}],"line":19},"3":{"loc":{"start":{"line":19,"column":6},"end":{"line":19,"column":46}},"type":"binary-expr","locations":[{"start":{"line":19,"column":6},"end":{"line":19,"column":17}},{"start":{"line":19,"column":21},"end":{"line":19,"column":46}}],"line":19},"4":{"loc":{"start":{"line":26,"column":19},"end":{"line":26,"column":49}},"type":"cond-expr","locations":[{"start":{"line":26,"column":44},"end":{"line":26,"column":45}},{"start":{"line":26,"column":48},"end":{"line":26,"column":49}}],"line":26},"5":{"loc":{"start":{"line":27,"column":20},"end":{"line":27,"column":51}},"type":"cond-expr","locations":[{"start":{"line":27,"column":46},"end":{"line":27,"column":47}},{"start":{"line":27,"column":50},"end":{"line":27,"column":51}}],"line":27}},"s":{"0":4,"1":8,"2":8,"3":1760,"4":1760,"5":1760,"6":8,"7":4,"8":4,"9":4,"10":0,"11":4,"12":4,"13":4,"14":4,"15":4,"16":4,"17":4,"18":4,"19":100},"f":{"0":8,"1":4,"2":100},"b":{"0":[4],"1":[4],"2":[0,4],"3":[4,0],"4":[3,1],"5":[1,3]},"meta":{"lastBranch":6,"lastFunction":3,"lastStatement":20,"seen":{"s:1:16:9:1":0,"f:1:16:1:17":0,"s:2:21:2:33":1,"s:3:2:7:3":2,"s:4:4:4:59":3,"s:5:4:5:19":4,"s:6:4:6:90":5,"s:8:2:8:15":6,"s:11:23:13:1":7,"s:16:29:44:1":8,"f:16:29:16:30":1,"b:16:45:16:50":0,"b:16:66:16:70":1,"b:19:2:25:3:21:9:25:3":2,"s:19:2:25:3":9,"b:19:6:19:17:19:21:19:46":3,"s:20:4:20:46":10,"s:22:19:22:33":11,"s:23:24:23:44":12,"s:24:4:24:45":13,"s:26:19:26:49":14,"b:26:44:26:45:26:48:26:49":4,"s:27:20:27:51":15,"b:27:46:27:47:27:50:27:51":5,"s:29:16:34:3":16,"s:36:24:36:38":17,"s:38:2:43:6":18,"f:38:27:38:28":2,"s:38:45:43:3":19}}}
}
